[2021-04-27 13:33:57] This is codeql database analyze --ram=8000 --threads=4 --format=csv --output=./results/ExternalAPIsUsedWithUntrustedData.csv C:/Users/davet/OneDrive/Documents/SingaporePoly/FYP/dvnaDB C:\Users\davet\OneDrive\Documents\SingaporePoly\FYP\CodeQL-home\vscode-codeql-starter\ql\javascript\ql\src\Security/./CWE-020/ExternalAPIsUsedWithUntrustedData.ql
[2021-04-27 13:33:57] Log file was started late.
[2021-04-27 13:33:57] [PROGRESS] database analyze> Running queries.
[2021-04-27 13:33:57] Running plumbing command: codeql database run-queries --threads=4 --ml-model-path= --native-library-path= --ram=8000 --warnings=show --no-rerun -- C:\Users\davet\OneDrive\Documents\SingaporePoly\FYP\dvnaDB C:\Users\davet\OneDrive\Documents\SingaporePoly\FYP\CodeQL-home\vscode-codeql-starter\ql\javascript\ql\src\Security/./CWE-020/ExternalAPIsUsedWithUntrustedData.ql
[2021-04-27 13:33:57] Calling plumbing command: codeql resolve ram --ram=8000 --format=json
[2021-04-27 13:33:57] Plumbing command codeql resolve ram completed:
                      [
                        "-J-Xmx4000M",
                        "--off-heap-ram=4000"
                      ]
[2021-04-27 13:33:57] Spawning plumbing command: execute queries -J-Xmx4000M --off-heap-ram=4000 --verbosity=progress --logdir=C:\Users\davet\OneDrive\Documents\SingaporePoly\FYP\dvnaDB\log --threads=4 --ml-model-path=C:\Users\davet\OneDrive\Documents\SingaporePoly\FYP --native-library-path=C:\Users\davet\OneDrive\Documents\SingaporePoly\FYP --warnings=show --no-rerun --output=C:\Users\davet\OneDrive\Documents\SingaporePoly\FYP\dvnaDB\results -- C:\Users\davet\OneDrive\Documents\SingaporePoly\FYP\dvnaDB\db-javascript C:\Users\davet\OneDrive\Documents\SingaporePoly\FYP\CodeQL-home\vscode-codeql-starter\ql\javascript\ql\src\Security/./CWE-020/ExternalAPIsUsedWithUntrustedData.ql
[2021-04-27 13:38:09] Plumbing command codeql execute queries terminated with status 0.
[2021-04-27 13:38:09] Plumbing command codeql database run-queries completed with status 0.
[2021-04-27 13:38:09] [PROGRESS] database analyze> Interpreting results.
[2021-04-27 13:38:09] Running plumbing command: codeql database interpret-results --format=csv -o=C:\Users\davet\OneDrive\Documents\SingaporePoly\FYP\results\ExternalAPIsUsedWithUntrustedData.csv --max-paths=4 --csv-location-format=line-column --threads=4 -- C:\Users\davet\OneDrive\Documents\SingaporePoly\FYP\dvnaDB C:\Users\davet\OneDrive\Documents\SingaporePoly\FYP\CodeQL-home\vscode-codeql-starter\ql\javascript\ql\src\Security/./CWE-020/ExternalAPIsUsedWithUntrustedData.ql
[2021-04-27 13:38:09] Calling plumbing command: codeql resolve queries --format=json -- C:\Users\davet\OneDrive\Documents\SingaporePoly\FYP\CodeQL-home\vscode-codeql-starter\ql\javascript\ql\src\Security/./CWE-020/ExternalAPIsUsedWithUntrustedData.ql
[2021-04-27 13:38:09] Plumbing command codeql resolve queries completed:
                      [
                        "C:\\Users\\davet\\OneDrive\\Documents\\SingaporePoly\\FYP\\CodeQL-home\\vscode-codeql-starter\\ql\\javascript\\ql\\src\\Security\\CWE-020\\ExternalAPIsUsedWithUntrustedData.ql"
                      ]
[2021-04-27 13:38:09] [DETAILS] database interpret-results> Scanning for qlpack.yml from C:\Users\davet\OneDrive\Documents\SingaporePoly\FYP\CodeQL-home\.codeqlmanifest.json
[2021-04-27 13:38:09] [DETAILS] database interpret-results> Scanning for qlpack.yml from C:\Users\davet\OneDrive\Documents\SingaporePoly\FYP\
[2021-04-27 13:38:09] [DETAILS] database interpret-results> Not scanning from C:\Users\davet\OneDrive\Documents\SingaporePoly\FYP\CodeQL-home which is already done.
[2021-04-27 13:38:09] Calling plumbing command: codeql resolve library-path --query=C:\Users\davet\OneDrive\Documents\SingaporePoly\FYP\CodeQL-home\vscode-codeql-starter\ql\javascript\ql\src\Security\CWE-020\ExternalAPIsUsedWithUntrustedData.ql --full-library-path=none --dbscheme=none --format=json
[2021-04-27 13:38:09] [DETAILS] resolve library-path> Resolving query at normalized path C:\Users\davet\OneDrive\Documents\SingaporePoly\FYP\CodeQL-home\vscode-codeql-starter\ql\javascript\ql\src\Security\CWE-020\ExternalAPIsUsedWithUntrustedData.ql.
[2021-04-27 13:38:09] [DETAILS] resolve library-path> Found enclosing pack 'codeql-javascript' at C:\Users\davet\OneDrive\Documents\SingaporePoly\FYP\CodeQL-home\vscode-codeql-starter\ql\javascript\ql\src.
[2021-04-27 13:38:09] [DETAILS] resolve library-path> Adding compilation cache at C:\Users\davet\OneDrive\Documents\SingaporePoly\FYP\CodeQL-home\vscode-codeql-starter\ql\javascript\ql\src\.cache.
[2021-04-27 13:38:09] [DETAILS] resolve library-path> Dbscheme was explicitly overridden as C:\Users\davet\OneDrive\Documents\SingaporePoly\FYP\none
[2021-04-27 13:38:09] [DETAILS] resolve library-path> Library path was overridden on command line.
[2021-04-27 13:38:09] Plumbing command codeql resolve library-path completed:
                      {
                        "qlPack" : {
                          "library" : false,
                          "name" : "github/codeql-javascript",
                          "version" : {
                            "major" : 0,
                            "minor" : 0,
                            "patch" : 0,
                            "prerelease" : false
                          },
                          "dbscheme" : "semmlecode.javascript.dbscheme",
                          "suites" : "codeql-suites",
                          "extractor" : "javascript"
                        },
                        "libraryPath" : [
                          "C:\\Users\\davet\\OneDrive\\Documents\\SingaporePoly\\FYP\\none"
                        ],
                        "dbscheme" : "C:\\Users\\davet\\OneDrive\\Documents\\SingaporePoly\\FYP\\none",
                        "compilationCache" : [
                          "C:\\Users\\davet\\OneDrive\\Documents\\SingaporePoly\\FYP\\CodeQL-home\\vscode-codeql-starter\\ql\\javascript\\ql\\src\\.cache"
                        ],
                        "qlPackName" : "codeql-javascript",
                        "relativeName" : "codeql-javascript\\Security\\CWE-020\\ExternalAPIsUsedWithUntrustedData.ql"
                      }
[2021-04-27 13:38:09] Exception caught at top level: Could not process query metadata.
                      Error was: Unknown kind "Table" when converting to analysis model. [UNSUPPORTED_KIND]
                      com.semmle.cli2.database.InterpretResultsCommand.executeSubcommand(InterpretResultsCommand.java:123)
                      com.semmle.cli2.picocli.PlumbingRunner.run(PlumbingRunner.java:110)
                      com.semmle.cli2.picocli.SubcommandCommon.runPlumbingInProcess(SubcommandCommon.java:159)
                      com.semmle.cli2.database.AnalyzeCommand.executeSubcommand(AnalyzeCommand.java:83)
                      com.semmle.cli2.picocli.SubcommandCommon.call(SubcommandCommon.java:430)
                      com.semmle.cli2.picocli.SubcommandMaker.runMain(SubcommandMaker.java:201)
                      com.semmle.cli2.picocli.SubcommandMaker.runMain(SubcommandMaker.java:209)
                      com.semmle.cli2.CodeQL.main(CodeQL.java:93)
