[2021-04-27 14:07:34] This is codeql execute queries -J-Xmx4000M --off-heap-ram=4000 --verbosity=progress --logdir=C:\Users\davet\OneDrive\Documents\SingaporePoly\FYP\dvnaDB\log --threads=4 --ml-model-path=C:\Users\davet\OneDrive\Documents\SingaporePoly\FYP --native-library-path=C:\Users\davet\OneDrive\Documents\SingaporePoly\FYP --warnings=show --no-rerun --output=C:\Users\davet\OneDrive\Documents\SingaporePoly\FYP\dvnaDB\results -- C:\Users\davet\OneDrive\Documents\SingaporePoly\FYP\dvnaDB\db-javascript C:\Users\davet\OneDrive\Documents\SingaporePoly\FYP\CodeQL-home\vscode-codeql-starter\ql\javascript\ql\src\Security/./CWE-020/IncorrectSuffixCheck.ql
[2021-04-27 14:07:34] Calling plumbing command: codeql resolve queries --format=json -- C:\Users\davet\OneDrive\Documents\SingaporePoly\FYP\CodeQL-home\vscode-codeql-starter\ql\javascript\ql\src\Security/./CWE-020/IncorrectSuffixCheck.ql
[2021-04-27 14:07:34] Plumbing command codeql resolve queries completed:
                      [
                        "C:\\Users\\davet\\OneDrive\\Documents\\SingaporePoly\\FYP\\CodeQL-home\\vscode-codeql-starter\\ql\\javascript\\ql\\src\\Security\\CWE-020\\IncorrectSuffixCheck.ql"
                      ]
[2021-04-27 14:07:34] Creating executor with 4 threads.
[2021-04-27 14:07:35] Calling plumbing command: codeql resolve library-path --query=C:\Users\davet\OneDrive\Documents\SingaporePoly\FYP\CodeQL-home\vscode-codeql-starter\ql\javascript\ql\src\Security\CWE-020\IncorrectSuffixCheck.ql --format=json
[2021-04-27 14:07:35] [DETAILS] resolve library-path> Resolving query at normalized path C:\Users\davet\OneDrive\Documents\SingaporePoly\FYP\CodeQL-home\vscode-codeql-starter\ql\javascript\ql\src\Security\CWE-020\IncorrectSuffixCheck.ql.
[2021-04-27 14:07:35] [DETAILS] resolve library-path> Found enclosing pack 'codeql-javascript' at C:\Users\davet\OneDrive\Documents\SingaporePoly\FYP\CodeQL-home\vscode-codeql-starter\ql\javascript\ql\src.
[2021-04-27 14:07:35] [DETAILS] resolve library-path> Adding compilation cache at C:\Users\davet\OneDrive\Documents\SingaporePoly\FYP\CodeQL-home\vscode-codeql-starter\ql\javascript\ql\src\.cache.
[2021-04-27 14:07:35] [DETAILS] resolve library-path> Resolving library dependencies from C:\Users\davet\OneDrive\Documents\SingaporePoly\FYP\CodeQL-home\vscode-codeql-starter\ql\javascript\ql\src\qlpack.yml.
[2021-04-27 14:07:35] [DETAILS] resolve library-path> QL pack dependencies for C:\Users\davet\OneDrive\Documents\SingaporePoly\FYP\CodeQL-home\vscode-codeql-starter\ql\javascript\ql\src resolved OK.
[2021-04-27 14:07:35] [DETAILS] resolve library-path> Found dbscheme through QL packs: C:\Users\davet\OneDrive\Documents\SingaporePoly\FYP\CodeQL-home\vscode-codeql-starter\ql\javascript\ql\src\semmlecode.javascript.dbscheme.
[2021-04-27 14:07:35] Plumbing command codeql resolve library-path completed:
                      {
                        "qlPack" : {
                          "library" : false,
                          "name" : "github/codeql-javascript",
                          "version" : {
                            "major" : 0,
                            "minor" : 0,
                            "patch" : 0,
                            "prerelease" : false
                          },
                          "dbscheme" : "semmlecode.javascript.dbscheme",
                          "suites" : "codeql-suites",
                          "extractor" : "javascript"
                        },
                        "libraryPath" : [
                          "C:\\Users\\davet\\OneDrive\\Documents\\SingaporePoly\\FYP\\CodeQL-home\\vscode-codeql-starter\\ql\\javascript\\ql\\src"
                        ],
                        "dbscheme" : "C:\\Users\\davet\\OneDrive\\Documents\\SingaporePoly\\FYP\\CodeQL-home\\vscode-codeql-starter\\ql\\javascript\\ql\\src\\semmlecode.javascript.dbscheme",
                        "compilationCache" : [
                          "C:\\Users\\davet\\OneDrive\\Documents\\SingaporePoly\\FYP\\CodeQL-home\\vscode-codeql-starter\\ql\\javascript\\ql\\src\\.cache"
                        ],
                        "qlPackName" : "codeql-javascript",
                        "relativeName" : "codeql-javascript\\Security\\CWE-020\\IncorrectSuffixCheck.ql"
                      }
[2021-04-27 14:07:35] [PROGRESS] execute queries> Compiling query plan for C:\Users\davet\OneDrive\Documents\SingaporePoly\FYP\CodeQL-home\vscode-codeql-starter\ql\javascript\ql\src\Security\CWE-020\IncorrectSuffixCheck.ql.
[2021-04-27 14:07:35] [DETAILS] execute queries> Resolving imports for C:\Users\davet\OneDrive\Documents\SingaporePoly\FYP\CodeQL-home\vscode-codeql-starter\ql\javascript\ql\src\Security\CWE-020\IncorrectSuffixCheck.ql.
[2021-04-27 14:07:37] Resolved file set for C:\Users\davet\OneDrive\Documents\SingaporePoly\FYP\CodeQL-home\vscode-codeql-starter\ql\javascript\ql\src\Security\CWE-020\IncorrectSuffixCheck.ql hashes to b3f35daa666d6c3333cc0b8ecf2e5e94feb4b3eb.
[2021-04-27 14:07:37] [DETAILS] execute queries> Checking QL for C:\Users\davet\OneDrive\Documents\SingaporePoly\FYP\CodeQL-home\vscode-codeql-starter\ql\javascript\ql\src\Security\CWE-020\IncorrectSuffixCheck.ql.
[2021-04-27 14:07:38] ExternalModuleBindingPass ...
[2021-04-27 14:07:40] ExternalModuleBindingPass time: 00:01.978
[2021-04-27 14:07:40] QLPredicateSynthesiser ...
[2021-04-27 14:07:40] QLPredicateSynthesiser time: 00:00.069
[2021-04-27 14:07:40] DeclarationBindingPass ...
[2021-04-27 14:07:40] DeclarationBindingPass time: 00:00.132
[2021-04-27 14:07:40] Fixed point time ...
[2021-04-27 14:07:41] Fixed point time time: 00:00.565
[2021-04-27 14:07:41] ReferenceBindingPass ...
[2021-04-27 14:07:41] ReferenceBindingPass time: 00:00.115
[2021-04-27 14:07:41] EntityTypeUpdateBindingPass ...
[2021-04-27 14:07:41] EntityTypeUpdateBindingPass time: 00:00.066
[2021-04-27 14:07:41] ReferenceBindingCheck ...
[2021-04-27 14:07:41] ReferenceBindingCheck time: 00:00.048
[2021-04-27 14:07:41] PredicateBodyBindingPass ...
[2021-04-27 14:07:42] PredicateBodyBindingPass time: 00:01.061
[2021-04-27 14:07:42] LanguagePragmaPropagationPass ...
[2021-04-27 14:07:42] LanguagePragmaPropagationPass time: 00:00.033
[2021-04-27 14:07:42] Ambiguity checks ...
[2021-04-27 14:07:42] Ambiguity checks time: 00:00.178
[2021-04-27 14:07:42] Ql checks ...
[2021-04-27 14:07:43] Ql checks time: 00:00.656
[2021-04-27 14:07:52] Compilation pipeline
[2021-04-27 14:07:52] Type Inference ...
[2021-04-27 14:07:52] CSV_TYPE_HIERARCHY: Best number of iterations,Maximum number of runs,Number of BDD variables,Size of BDD for typefacts
[2021-04-27 14:07:52] CSV_TYPE_HIERARCHY: 0,0,1,1
[2021-04-27 14:07:52] CSV_TYPE_HIERARCHY: 0,0,0,0
[2021-04-27 14:07:52] CSV_TYPE_HIERARCHY: 0,0,83,90
[2021-04-27 14:07:52] CSV_TYPE_HIERARCHY: 0,0,1,1
[2021-04-27 14:07:52] CSV_TYPE_HIERARCHY: 0,0,0,0
[2021-04-27 14:07:54] CSV_TYPE_HIERARCHY: 0,0,779,4388
[2021-04-27 14:07:54] CSV_TYPE_HIERARCHY: 0,0,17,17
[2021-04-27 14:07:54] CSV_TYPE_HIERARCHY: 0,0,741,10318
[2021-04-27 14:07:54] CSV_TYPE_HIERARCHY: 0,0,2,2
[2021-04-27 14:07:54] CSV_TYPE_HIERARCHY: 0,0,9,9
[2021-04-27 14:07:54] CSV_TYPE_HIERARCHY: 0,0,2,2
[2021-04-27 14:07:54] CSV_TYPE_HIERARCHY: 0,0,2,2
[2021-04-27 14:07:54] CSV_TYPE_HIERARCHY: 0,0,2,2
[2021-04-27 14:07:54] CSV_TYPE_HIERARCHY: 0,0,26,26
[2021-04-27 14:07:54] CSV_TYPE_HIERARCHY: 0,0,4,4
[2021-04-27 14:07:54] CSV_TYPE_HIERARCHY: 0,0,12,12
[2021-04-27 14:07:54] CSV_TYPE_HIERARCHY: 0,0,2,2
[2021-04-27 14:07:54] CSV_TYPE_HIERARCHY: 0,0,1,1
[2021-04-27 14:07:54] CSV_TYPE_HIERARCHY: 0,0,12,15
[2021-04-27 14:07:54] CSV_TYPE_HIERARCHY: 0,0,4,4
[2021-04-27 14:07:54] CSV_TYPE_HIERARCHY: 0,0,2,2
[2021-04-27 14:07:54] CSV_TYPE_HIERARCHY: 0,0,6,7
[2021-04-27 14:07:54] CSV_TYPE_HIERARCHY: 0,0,7,7
[2021-04-27 14:07:54] CSV_TYPE_HIERARCHY: 0,0,1,1
[2021-04-27 14:07:54] CSV_TYPE_HIERARCHY: 0,0,2,2
[2021-04-27 14:07:54] CSV_TYPE_HIERARCHY: 0,0,2,2
[2021-04-27 14:07:54] CSV_TYPE_HIERARCHY: 0,0,10,13
[2021-04-27 14:07:54] CSV_TYPE_HIERARCHY: 0,0,2,2
[2021-04-27 14:07:54] CSV_TYPE_HIERARCHY: 0,0,17,19
[2021-04-27 14:07:54] CSV_TYPE_HIERARCHY: 0,0,6,6
[2021-04-27 14:07:54] CSV_TYPE_HIERARCHY: 0,0,2,2
[2021-04-27 14:07:54] CSV_TYPE_HIERARCHY: 0,0,4,4
[2021-04-27 14:07:54] CSV_TYPE_HIERARCHY: 0,0,2,2
[2021-04-27 14:07:54] CSV_TYPE_HIERARCHY: 0,0,7,10
[2021-04-27 14:07:54] CSV_TYPE_HIERARCHY: 0,0,4,4
[2021-04-27 14:07:54] CSV_TYPE_HIERARCHY: 0,0,6,6
[2021-04-27 14:07:54] CSV_TYPE_HIERARCHY: 0,0,6,7
[2021-04-27 14:07:54] CSV_TYPE_HIERARCHY: 0,0,3,3
[2021-04-27 14:07:54] CSV_TYPE_HIERARCHY: 0,0,2,2
[2021-04-27 14:07:57] Type Inference time: 00:04.569
[2021-04-27 14:07:57] Binding Checks ...
[2021-04-27 14:07:58] Binding Checks time: 00:00.844
[2021-04-27 14:07:59] [DETAILS] execute queries> Optimizing C:\Users\davet\OneDrive\Documents\SingaporePoly\FYP\CodeQL-home\vscode-codeql-starter\ql\javascript\ql\src\Security\CWE-020\IncorrectSuffixCheck.ql.
[2021-04-27 14:07:59] Processing compilation pipeline
[2021-04-27 14:07:59] Started compiling a query
[2021-04-27 14:07:59] Initialising compiler...
[2021-04-27 14:07:59] 	 ... compiler initialised
[2021-04-27 14:07:59] About to start query optimisation
[2021-04-27 14:07:59] Compilation cache hit - skipping compilation.
[2021-04-27 14:08:00] Compilation cache hit - skipping compilation.
[2021-04-27 14:08:00] Compilation cache hit - skipping compilation.
[2021-04-27 14:08:00] Compilation cache hit - skipping compilation.
[2021-04-27 14:08:00] Compilation cache hit - skipping compilation.
[2021-04-27 14:08:00] Compilation cache hit - skipping compilation.
[2021-04-27 14:08:00] Compilation cache hit - skipping compilation.
[2021-04-27 14:08:01] Compilation cache hit - skipping compilation.
[2021-04-27 14:08:01] Compilation cache hit - skipping compilation.
[2021-04-27 14:08:01] Compilation cache hit - skipping compilation.
[2021-04-27 14:08:01] Compilation cache hit - skipping compilation.
[2021-04-27 14:08:01] Compilation cache hit - skipping compilation.
[2021-04-27 14:08:01] Compilation cache hit - skipping compilation.
[2021-04-27 14:08:02] Compilation cache hit - skipping compilation.
[2021-04-27 14:08:02] Compilation cache hit - skipping compilation.
[2021-04-27 14:08:02] Compilation cache hit - skipping compilation.
[2021-04-27 14:08:02] Compilation cache hit - skipping compilation.
[2021-04-27 14:08:03] Compilation cache hit - skipping compilation.
[2021-04-27 14:08:03] Compilation cache hit - skipping compilation.
[2021-04-27 14:08:03] Compilation cache hit - skipping compilation.
[2021-04-27 14:08:04] Compilation cache hit - skipping compilation.
[2021-04-27 14:08:04] Compilation cache miss for 569150dad5742034317bb877a10de038dcd07f56.
