[2021-05-27 13:40:26] This is codeql execute queries -J-Xmx4000M --off-heap-ram=4000 --verbosity=progress --logdir=C:\Users\davet\OneDrive\Documents\SingaporePoly\FYP\FYPT5-test\FYPT5-test\kodo-webserver\kodo-backEnd\databases\dvna_DB\log --threads=3 --ml-model-path=C:\Users\davet\OneDrive\Documents\SingaporePoly\FYP\FYPT5-test\FYPT5-test --native-library-path=C:\Users\davet\OneDrive\Documents\SingaporePoly\FYP\FYPT5-test\FYPT5-test --warnings=show --no-rerun --output=C:\Users\davet\OneDrive\Documents\SingaporePoly\FYP\FYPT5-test\FYPT5-test\kodo-webserver\kodo-backEnd\databases\dvna_DB\results -- C:\Users\davet\OneDrive\Documents\SingaporePoly\FYP\FYPT5-test\FYPT5-test\kodo-webserver\kodo-backEnd\databases\dvna_DB\db-javascript CodeQL-home/vscode-codeql-starter/ql/javascript/ql/src/Security/CWE-079
[2021-05-27 13:40:26] Calling plumbing command: codeql resolve queries --format=json -- CodeQL-home/vscode-codeql-starter/ql/javascript/ql/src/Security/CWE-079
[2021-05-27 13:40:26] [SPAMMY] resolve queries> Scanning for QL files at C:\Users\davet\OneDrive\Documents\SingaporePoly\FYP\FYPT5-test\FYPT5-test\CodeQL-home\vscode-codeql-starter\ql\javascript\ql\src\Security\CWE-079.
[2021-05-27 13:40:26] [SPAMMY] resolve queries> Found 6 QL files in C:\Users\davet\OneDrive\Documents\SingaporePoly\FYP\FYPT5-test\FYPT5-test\CodeQL-home\vscode-codeql-starter\ql\javascript\ql\src\Security\CWE-079.
[2021-05-27 13:40:26] Plumbing command codeql resolve queries completed:
                      [
                        "C:\\Users\\davet\\OneDrive\\Documents\\SingaporePoly\\FYP\\FYPT5-test\\FYPT5-test\\CodeQL-home\\vscode-codeql-starter\\ql\\javascript\\ql\\src\\Security\\CWE-079\\ExceptionXss.ql",
                        "C:\\Users\\davet\\OneDrive\\Documents\\SingaporePoly\\FYP\\FYPT5-test\\FYPT5-test\\CodeQL-home\\vscode-codeql-starter\\ql\\javascript\\ql\\src\\Security\\CWE-079\\ReflectedXss.ql",
                        "C:\\Users\\davet\\OneDrive\\Documents\\SingaporePoly\\FYP\\FYPT5-test\\FYPT5-test\\CodeQL-home\\vscode-codeql-starter\\ql\\javascript\\ql\\src\\Security\\CWE-079\\StoredXss.ql",
                        "C:\\Users\\davet\\OneDrive\\Documents\\SingaporePoly\\FYP\\FYPT5-test\\FYPT5-test\\CodeQL-home\\vscode-codeql-starter\\ql\\javascript\\ql\\src\\Security\\CWE-079\\UnsafeJQueryPlugin.ql",
                        "C:\\Users\\davet\\OneDrive\\Documents\\SingaporePoly\\FYP\\FYPT5-test\\FYPT5-test\\CodeQL-home\\vscode-codeql-starter\\ql\\javascript\\ql\\src\\Security\\CWE-079\\Xss.ql",
                        "C:\\Users\\davet\\OneDrive\\Documents\\SingaporePoly\\FYP\\FYPT5-test\\FYPT5-test\\CodeQL-home\\vscode-codeql-starter\\ql\\javascript\\ql\\src\\Security\\CWE-079\\XssThroughDom.ql"
                      ]
[2021-05-27 13:40:26] Creating executor with 3 threads.
[2021-05-27 13:40:27] [DETAILS] execute queries> Compiling in 2 threads due to RAM limits.
[2021-05-27 13:40:27] Calling plumbing command: codeql resolve library-path --query=C:\Users\davet\OneDrive\Documents\SingaporePoly\FYP\FYPT5-test\FYPT5-test\CodeQL-home\vscode-codeql-starter\ql\javascript\ql\src\Security\CWE-079\ExceptionXss.ql --format=json
[2021-05-27 13:40:27] [DETAILS] resolve library-path> Resolving query at normalized path C:\Users\davet\OneDrive\Documents\SingaporePoly\FYP\FYPT5-test\FYPT5-test\CodeQL-home\vscode-codeql-starter\ql\javascript\ql\src\Security\CWE-079\ExceptionXss.ql.
[2021-05-27 13:40:27] [DETAILS] resolve library-path> Found enclosing pack 'codeql-javascript' at C:\Users\davet\OneDrive\Documents\SingaporePoly\FYP\FYPT5-test\FYPT5-test\CodeQL-home\vscode-codeql-starter\ql\javascript\ql\src.
[2021-05-27 13:40:27] [DETAILS] resolve library-path> Adding compilation cache at C:\Users\davet\OneDrive\Documents\SingaporePoly\FYP\FYPT5-test\FYPT5-test\CodeQL-home\vscode-codeql-starter\ql\javascript\ql\src\.cache.
[2021-05-27 13:40:27] [DETAILS] resolve library-path> Resolving library dependencies from C:\Users\davet\OneDrive\Documents\SingaporePoly\FYP\FYPT5-test\FYPT5-test\CodeQL-home\vscode-codeql-starter\ql\javascript\ql\src\qlpack.yml.
[2021-05-27 13:40:27] [DETAILS] resolve library-path> QL pack dependencies for C:\Users\davet\OneDrive\Documents\SingaporePoly\FYP\FYPT5-test\FYPT5-test\CodeQL-home\vscode-codeql-starter\ql\javascript\ql\src resolved OK.
[2021-05-27 13:40:27] [DETAILS] resolve library-path> Found dbscheme through QL packs: C:\Users\davet\OneDrive\Documents\SingaporePoly\FYP\FYPT5-test\FYPT5-test\CodeQL-home\vscode-codeql-starter\ql\javascript\ql\src\semmlecode.javascript.dbscheme.
[2021-05-27 13:40:27] Plumbing command codeql resolve library-path completed:
                      {
                        "qlPack" : {
                          "library" : false,
                          "name" : "github/codeql-javascript",
                          "version" : {
                            "major" : 0,
                            "minor" : 0,
                            "patch" : 0,
                            "prerelease" : false
                          },
                          "dbscheme" : "semmlecode.javascript.dbscheme",
                          "suites" : "codeql-suites",
                          "extractor" : "javascript"
                        },
                        "libraryPath" : [
                          "C:\\Users\\davet\\OneDrive\\Documents\\SingaporePoly\\FYP\\FYPT5-test\\FYPT5-test\\CodeQL-home\\vscode-codeql-starter\\ql\\javascript\\ql\\src"
                        ],
                        "dbscheme" : "C:\\Users\\davet\\OneDrive\\Documents\\SingaporePoly\\FYP\\FYPT5-test\\FYPT5-test\\CodeQL-home\\vscode-codeql-starter\\ql\\javascript\\ql\\src\\semmlecode.javascript.dbscheme",
                        "compilationCache" : [
                          "C:\\Users\\davet\\OneDrive\\Documents\\SingaporePoly\\FYP\\FYPT5-test\\FYPT5-test\\CodeQL-home\\vscode-codeql-starter\\ql\\javascript\\ql\\src\\.cache"
                        ],
                        "qlPackName" : "codeql-javascript",
                        "relativeName" : "codeql-javascript\\Security\\CWE-079\\ExceptionXss.ql"
                      }
[2021-05-27 13:40:27] [PROGRESS] execute queries> [1/6] No need to rerun C:\Users\davet\OneDrive\Documents\SingaporePoly\FYP\FYPT5-test\FYPT5-test\CodeQL-home\vscode-codeql-starter\ql\javascript\ql\src\Security\CWE-079\ExceptionXss.ql.
[2021-05-27 13:40:27] Calling plumbing command: codeql resolve library-path --query=C:\Users\davet\OneDrive\Documents\SingaporePoly\FYP\FYPT5-test\FYPT5-test\CodeQL-home\vscode-codeql-starter\ql\javascript\ql\src\Security\CWE-079\StoredXss.ql --format=json
[2021-05-27 13:40:27] Calling plumbing command: codeql resolve library-path --query=C:\Users\davet\OneDrive\Documents\SingaporePoly\FYP\FYPT5-test\FYPT5-test\CodeQL-home\vscode-codeql-starter\ql\javascript\ql\src\Security\CWE-079\ReflectedXss.ql --format=json
[2021-05-27 13:40:27] [DETAILS] resolve library-path> Resolving query at normalized path C:\Users\davet\OneDrive\Documents\SingaporePoly\FYP\FYPT5-test\FYPT5-test\CodeQL-home\vscode-codeql-starter\ql\javascript\ql\src\Security\CWE-079\StoredXss.ql.
[2021-05-27 13:40:27] [DETAILS] resolve library-path> Found enclosing pack 'codeql-javascript' at C:\Users\davet\OneDrive\Documents\SingaporePoly\FYP\FYPT5-test\FYPT5-test\CodeQL-home\vscode-codeql-starter\ql\javascript\ql\src.
[2021-05-27 13:40:27] [DETAILS] resolve library-path> Resolving query at normalized path C:\Users\davet\OneDrive\Documents\SingaporePoly\FYP\FYPT5-test\FYPT5-test\CodeQL-home\vscode-codeql-starter\ql\javascript\ql\src\Security\CWE-079\ReflectedXss.ql.
[2021-05-27 13:40:27] [DETAILS] resolve library-path> Found enclosing pack 'codeql-javascript' at C:\Users\davet\OneDrive\Documents\SingaporePoly\FYP\FYPT5-test\FYPT5-test\CodeQL-home\vscode-codeql-starter\ql\javascript\ql\src.
[2021-05-27 13:40:27] [DETAILS] resolve library-path> Adding compilation cache at C:\Users\davet\OneDrive\Documents\SingaporePoly\FYP\FYPT5-test\FYPT5-test\CodeQL-home\vscode-codeql-starter\ql\javascript\ql\src\.cache.
[2021-05-27 13:40:27] [DETAILS] resolve library-path> QL pack dependencies for C:\Users\davet\OneDrive\Documents\SingaporePoly\FYP\FYPT5-test\FYPT5-test\CodeQL-home\vscode-codeql-starter\ql\javascript\ql\src found in cache.
[2021-05-27 13:40:27] [DETAILS] resolve library-path> Found dbscheme through QL packs: C:\Users\davet\OneDrive\Documents\SingaporePoly\FYP\FYPT5-test\FYPT5-test\CodeQL-home\vscode-codeql-starter\ql\javascript\ql\src\semmlecode.javascript.dbscheme.
[2021-05-27 13:40:27] [DETAILS] resolve library-path> Adding compilation cache at C:\Users\davet\OneDrive\Documents\SingaporePoly\FYP\FYPT5-test\FYPT5-test\CodeQL-home\vscode-codeql-starter\ql\javascript\ql\src\.cache.
[2021-05-27 13:40:27] [DETAILS] resolve library-path> QL pack dependencies for C:\Users\davet\OneDrive\Documents\SingaporePoly\FYP\FYPT5-test\FYPT5-test\CodeQL-home\vscode-codeql-starter\ql\javascript\ql\src found in cache.
[2021-05-27 13:40:27] [DETAILS] resolve library-path> Found dbscheme through QL packs: C:\Users\davet\OneDrive\Documents\SingaporePoly\FYP\FYPT5-test\FYPT5-test\CodeQL-home\vscode-codeql-starter\ql\javascript\ql\src\semmlecode.javascript.dbscheme.
[2021-05-27 13:40:27] Plumbing command codeql resolve library-path completed:
                      {
                        "qlPack" : {
                          "library" : false,
                          "name" : "github/codeql-javascript",
                          "version" : {
                            "major" : 0,
                            "minor" : 0,
                            "patch" : 0,
                            "prerelease" : false
                          },
                          "dbscheme" : "semmlecode.javascript.dbscheme",
                          "suites" : "codeql-suites",
                          "extractor" : "javascript"
                        },
                        "libraryPath" : [
                          "C:\\Users\\davet\\OneDrive\\Documents\\SingaporePoly\\FYP\\FYPT5-test\\FYPT5-test\\CodeQL-home\\vscode-codeql-starter\\ql\\javascript\\ql\\src"
                        ],
                        "dbscheme" : "C:\\Users\\davet\\OneDrive\\Documents\\SingaporePoly\\FYP\\FYPT5-test\\FYPT5-test\\CodeQL-home\\vscode-codeql-starter\\ql\\javascript\\ql\\src\\semmlecode.javascript.dbscheme",
                        "compilationCache" : [
                          "C:\\Users\\davet\\OneDrive\\Documents\\SingaporePoly\\FYP\\FYPT5-test\\FYPT5-test\\CodeQL-home\\vscode-codeql-starter\\ql\\javascript\\ql\\src\\.cache"
                        ],
                        "qlPackName" : "codeql-javascript",
                        "relativeName" : "codeql-javascript\\Security\\CWE-079\\StoredXss.ql"
                      }
[2021-05-27 13:40:27] [PROGRESS] execute queries> [2/6] No need to rerun C:\Users\davet\OneDrive\Documents\SingaporePoly\FYP\FYPT5-test\FYPT5-test\CodeQL-home\vscode-codeql-starter\ql\javascript\ql\src\Security\CWE-079\StoredXss.ql.
[2021-05-27 13:40:27] Plumbing command codeql resolve library-path completed:
                      {
                        "qlPack" : {
                          "library" : false,
                          "name" : "github/codeql-javascript",
                          "version" : {
                            "major" : 0,
                            "minor" : 0,
                            "patch" : 0,
                            "prerelease" : false
                          },
                          "dbscheme" : "semmlecode.javascript.dbscheme",
                          "suites" : "codeql-suites",
                          "extractor" : "javascript"
                        },
                        "libraryPath" : [
                          "C:\\Users\\davet\\OneDrive\\Documents\\SingaporePoly\\FYP\\FYPT5-test\\FYPT5-test\\CodeQL-home\\vscode-codeql-starter\\ql\\javascript\\ql\\src"
                        ],
                        "dbscheme" : "C:\\Users\\davet\\OneDrive\\Documents\\SingaporePoly\\FYP\\FYPT5-test\\FYPT5-test\\CodeQL-home\\vscode-codeql-starter\\ql\\javascript\\ql\\src\\semmlecode.javascript.dbscheme",
                        "compilationCache" : [
                          "C:\\Users\\davet\\OneDrive\\Documents\\SingaporePoly\\FYP\\FYPT5-test\\FYPT5-test\\CodeQL-home\\vscode-codeql-starter\\ql\\javascript\\ql\\src\\.cache"
                        ],
                        "qlPackName" : "codeql-javascript",
                        "relativeName" : "codeql-javascript\\Security\\CWE-079\\ReflectedXss.ql"
                      }
[2021-05-27 13:40:27] [PROGRESS] execute queries> [3/6] No need to rerun C:\Users\davet\OneDrive\Documents\SingaporePoly\FYP\FYPT5-test\FYPT5-test\CodeQL-home\vscode-codeql-starter\ql\javascript\ql\src\Security\CWE-079\ReflectedXss.ql.
[2021-05-27 13:40:27] Calling plumbing command: codeql resolve library-path --query=C:\Users\davet\OneDrive\Documents\SingaporePoly\FYP\FYPT5-test\FYPT5-test\CodeQL-home\vscode-codeql-starter\ql\javascript\ql\src\Security\CWE-079\UnsafeJQueryPlugin.ql --format=json
[2021-05-27 13:40:27] Calling plumbing command: codeql resolve library-path --query=C:\Users\davet\OneDrive\Documents\SingaporePoly\FYP\FYPT5-test\FYPT5-test\CodeQL-home\vscode-codeql-starter\ql\javascript\ql\src\Security\CWE-079\Xss.ql --format=json
[2021-05-27 13:40:27] [DETAILS] resolve library-path> Resolving query at normalized path C:\Users\davet\OneDrive\Documents\SingaporePoly\FYP\FYPT5-test\FYPT5-test\CodeQL-home\vscode-codeql-starter\ql\javascript\ql\src\Security\CWE-079\UnsafeJQueryPlugin.ql.
[2021-05-27 13:40:27] [DETAILS] resolve library-path> Found enclosing pack 'codeql-javascript' at C:\Users\davet\OneDrive\Documents\SingaporePoly\FYP\FYPT5-test\FYPT5-test\CodeQL-home\vscode-codeql-starter\ql\javascript\ql\src.
[2021-05-27 13:40:27] [DETAILS] resolve library-path> Resolving query at normalized path C:\Users\davet\OneDrive\Documents\SingaporePoly\FYP\FYPT5-test\FYPT5-test\CodeQL-home\vscode-codeql-starter\ql\javascript\ql\src\Security\CWE-079\Xss.ql.
[2021-05-27 13:40:27] [DETAILS] resolve library-path> Found enclosing pack 'codeql-javascript' at C:\Users\davet\OneDrive\Documents\SingaporePoly\FYP\FYPT5-test\FYPT5-test\CodeQL-home\vscode-codeql-starter\ql\javascript\ql\src.
[2021-05-27 13:40:27] [DETAILS] resolve library-path> Adding compilation cache at C:\Users\davet\OneDrive\Documents\SingaporePoly\FYP\FYPT5-test\FYPT5-test\CodeQL-home\vscode-codeql-starter\ql\javascript\ql\src\.cache.
[2021-05-27 13:40:27] [DETAILS] resolve library-path> QL pack dependencies for C:\Users\davet\OneDrive\Documents\SingaporePoly\FYP\FYPT5-test\FYPT5-test\CodeQL-home\vscode-codeql-starter\ql\javascript\ql\src found in cache.
[2021-05-27 13:40:27] [DETAILS] resolve library-path> Found dbscheme through QL packs: C:\Users\davet\OneDrive\Documents\SingaporePoly\FYP\FYPT5-test\FYPT5-test\CodeQL-home\vscode-codeql-starter\ql\javascript\ql\src\semmlecode.javascript.dbscheme.
[2021-05-27 13:40:27] [DETAILS] resolve library-path> Adding compilation cache at C:\Users\davet\OneDrive\Documents\SingaporePoly\FYP\FYPT5-test\FYPT5-test\CodeQL-home\vscode-codeql-starter\ql\javascript\ql\src\.cache.
[2021-05-27 13:40:27] [DETAILS] resolve library-path> QL pack dependencies for C:\Users\davet\OneDrive\Documents\SingaporePoly\FYP\FYPT5-test\FYPT5-test\CodeQL-home\vscode-codeql-starter\ql\javascript\ql\src found in cache.
[2021-05-27 13:40:27] [DETAILS] resolve library-path> Found dbscheme through QL packs: C:\Users\davet\OneDrive\Documents\SingaporePoly\FYP\FYPT5-test\FYPT5-test\CodeQL-home\vscode-codeql-starter\ql\javascript\ql\src\semmlecode.javascript.dbscheme.
[2021-05-27 13:40:27] Plumbing command codeql resolve library-path completed:
                      {
                        "qlPack" : {
                          "library" : false,
                          "name" : "github/codeql-javascript",
                          "version" : {
                            "major" : 0,
                            "minor" : 0,
                            "patch" : 0,
                            "prerelease" : false
                          },
                          "dbscheme" : "semmlecode.javascript.dbscheme",
                          "suites" : "codeql-suites",
                          "extractor" : "javascript"
                        },
                        "libraryPath" : [
                          "C:\\Users\\davet\\OneDrive\\Documents\\SingaporePoly\\FYP\\FYPT5-test\\FYPT5-test\\CodeQL-home\\vscode-codeql-starter\\ql\\javascript\\ql\\src"
                        ],
                        "dbscheme" : "C:\\Users\\davet\\OneDrive\\Documents\\SingaporePoly\\FYP\\FYPT5-test\\FYPT5-test\\CodeQL-home\\vscode-codeql-starter\\ql\\javascript\\ql\\src\\semmlecode.javascript.dbscheme",
                        "compilationCache" : [
                          "C:\\Users\\davet\\OneDrive\\Documents\\SingaporePoly\\FYP\\FYPT5-test\\FYPT5-test\\CodeQL-home\\vscode-codeql-starter\\ql\\javascript\\ql\\src\\.cache"
                        ],
                        "qlPackName" : "codeql-javascript",
                        "relativeName" : "codeql-javascript\\Security\\CWE-079\\UnsafeJQueryPlugin.ql"
                      }
[2021-05-27 13:40:27] [PROGRESS] execute queries> [4/6] No need to rerun C:\Users\davet\OneDrive\Documents\SingaporePoly\FYP\FYPT5-test\FYPT5-test\CodeQL-home\vscode-codeql-starter\ql\javascript\ql\src\Security\CWE-079\UnsafeJQueryPlugin.ql.
[2021-05-27 13:40:27] Plumbing command codeql resolve library-path completed:
                      {
                        "qlPack" : {
                          "library" : false,
                          "name" : "github/codeql-javascript",
                          "version" : {
                            "major" : 0,
                            "minor" : 0,
                            "patch" : 0,
                            "prerelease" : false
                          },
                          "dbscheme" : "semmlecode.javascript.dbscheme",
                          "suites" : "codeql-suites",
                          "extractor" : "javascript"
                        },
                        "libraryPath" : [
                          "C:\\Users\\davet\\OneDrive\\Documents\\SingaporePoly\\FYP\\FYPT5-test\\FYPT5-test\\CodeQL-home\\vscode-codeql-starter\\ql\\javascript\\ql\\src"
                        ],
                        "dbscheme" : "C:\\Users\\davet\\OneDrive\\Documents\\SingaporePoly\\FYP\\FYPT5-test\\FYPT5-test\\CodeQL-home\\vscode-codeql-starter\\ql\\javascript\\ql\\src\\semmlecode.javascript.dbscheme",
                        "compilationCache" : [
                          "C:\\Users\\davet\\OneDrive\\Documents\\SingaporePoly\\FYP\\FYPT5-test\\FYPT5-test\\CodeQL-home\\vscode-codeql-starter\\ql\\javascript\\ql\\src\\.cache"
                        ],
                        "qlPackName" : "codeql-javascript",
                        "relativeName" : "codeql-javascript\\Security\\CWE-079\\Xss.ql"
                      }
[2021-05-27 13:40:27] [PROGRESS] execute queries> [5/6] No need to rerun C:\Users\davet\OneDrive\Documents\SingaporePoly\FYP\FYPT5-test\FYPT5-test\CodeQL-home\vscode-codeql-starter\ql\javascript\ql\src\Security\CWE-079\Xss.ql.
[2021-05-27 13:40:27] Calling plumbing command: codeql resolve library-path --query=C:\Users\davet\OneDrive\Documents\SingaporePoly\FYP\FYPT5-test\FYPT5-test\CodeQL-home\vscode-codeql-starter\ql\javascript\ql\src\Security\CWE-079\XssThroughDom.ql --format=json
[2021-05-27 13:40:27] [DETAILS] resolve library-path> Resolving query at normalized path C:\Users\davet\OneDrive\Documents\SingaporePoly\FYP\FYPT5-test\FYPT5-test\CodeQL-home\vscode-codeql-starter\ql\javascript\ql\src\Security\CWE-079\XssThroughDom.ql.
[2021-05-27 13:40:27] [DETAILS] resolve library-path> Found enclosing pack 'codeql-javascript' at C:\Users\davet\OneDrive\Documents\SingaporePoly\FYP\FYPT5-test\FYPT5-test\CodeQL-home\vscode-codeql-starter\ql\javascript\ql\src.
[2021-05-27 13:40:27] [DETAILS] resolve library-path> Adding compilation cache at C:\Users\davet\OneDrive\Documents\SingaporePoly\FYP\FYPT5-test\FYPT5-test\CodeQL-home\vscode-codeql-starter\ql\javascript\ql\src\.cache.
[2021-05-27 13:40:27] [DETAILS] resolve library-path> QL pack dependencies for C:\Users\davet\OneDrive\Documents\SingaporePoly\FYP\FYPT5-test\FYPT5-test\CodeQL-home\vscode-codeql-starter\ql\javascript\ql\src found in cache.
[2021-05-27 13:40:27] [DETAILS] resolve library-path> Found dbscheme through QL packs: C:\Users\davet\OneDrive\Documents\SingaporePoly\FYP\FYPT5-test\FYPT5-test\CodeQL-home\vscode-codeql-starter\ql\javascript\ql\src\semmlecode.javascript.dbscheme.
[2021-05-27 13:40:27] Plumbing command codeql resolve library-path completed:
                      {
                        "qlPack" : {
                          "library" : false,
                          "name" : "github/codeql-javascript",
                          "version" : {
                            "major" : 0,
                            "minor" : 0,
                            "patch" : 0,
                            "prerelease" : false
                          },
                          "dbscheme" : "semmlecode.javascript.dbscheme",
                          "suites" : "codeql-suites",
                          "extractor" : "javascript"
                        },
                        "libraryPath" : [
                          "C:\\Users\\davet\\OneDrive\\Documents\\SingaporePoly\\FYP\\FYPT5-test\\FYPT5-test\\CodeQL-home\\vscode-codeql-starter\\ql\\javascript\\ql\\src"
                        ],
                        "dbscheme" : "C:\\Users\\davet\\OneDrive\\Documents\\SingaporePoly\\FYP\\FYPT5-test\\FYPT5-test\\CodeQL-home\\vscode-codeql-starter\\ql\\javascript\\ql\\src\\semmlecode.javascript.dbscheme",
                        "compilationCache" : [
                          "C:\\Users\\davet\\OneDrive\\Documents\\SingaporePoly\\FYP\\FYPT5-test\\FYPT5-test\\CodeQL-home\\vscode-codeql-starter\\ql\\javascript\\ql\\src\\.cache"
                        ],
                        "qlPackName" : "codeql-javascript",
                        "relativeName" : "codeql-javascript\\Security\\CWE-079\\XssThroughDom.ql"
                      }
[2021-05-27 13:40:27] [PROGRESS] execute queries> [6/6] No need to rerun C:\Users\davet\OneDrive\Documents\SingaporePoly\FYP\FYPT5-test\FYPT5-test\CodeQL-home\vscode-codeql-starter\ql\javascript\ql\src\Security\CWE-079\XssThroughDom.ql.
[2021-05-27 13:40:27] [PROGRESS] execute queries> Shutting down query evaluator.
[2021-05-27 13:40:27] Sequence stamp origin is -6587045196375401934
[2021-05-27 13:40:27] Stopped the world to close the cache at sequence stamp o+0
[2021-05-27 13:40:27] The disk cache is freshly trimmed; leave it be.
[2021-05-27 13:40:27] Starting the world again
[2021-05-27 13:40:27] Terminating normally.
