[2021-05-27 13:10:26] This is codeql execute queries -J-Xmx4000M --off-heap-ram=4000 --verbosity=progress --logdir=C:\Users\davet\OneDrive\Documents\SingaporePoly\FYP\FYPT5-test\FYPT5-test\kodo-webserver\kodo-backEnd\databases\dvna_DB\log --threads=3 --ml-model-path= --native-library-path= --warnings=show --output=C:\Users\davet\OneDrive\Documents\SingaporePoly\FYP\FYPT5-test\FYPT5-test\kodo-webserver\kodo-backEnd\databases\dvna_DB\results -- C:\Users\davet\OneDrive\Documents\SingaporePoly\FYP\FYPT5-test\FYPT5-test\kodo-webserver\kodo-backEnd\databases\dvna_DB\db-javascript ./standard-queries/CWE-079
[2021-05-27 13:10:27] Calling plumbing command: codeql resolve queries --format=json -- ./standard-queries/CWE-079
[2021-05-27 13:10:27] [SPAMMY] resolve queries> Scanning for QL files at C:\Users\davet\OneDrive\Documents\SingaporePoly\FYP\FYPT5-test\FYPT5-test\standard-queries\CWE-079.
[2021-05-27 13:10:27] [SPAMMY] resolve queries> Found 6 QL files in C:\Users\davet\OneDrive\Documents\SingaporePoly\FYP\FYPT5-test\FYPT5-test\standard-queries\CWE-079.
[2021-05-27 13:10:27] Plumbing command codeql resolve queries completed:
                      [
                        "C:\\Users\\davet\\OneDrive\\Documents\\SingaporePoly\\FYP\\FYPT5-test\\FYPT5-test\\standard-queries\\CWE-079\\ExceptionXss.ql",
                        "C:\\Users\\davet\\OneDrive\\Documents\\SingaporePoly\\FYP\\FYPT5-test\\FYPT5-test\\standard-queries\\CWE-079\\ReflectedXss.ql",
                        "C:\\Users\\davet\\OneDrive\\Documents\\SingaporePoly\\FYP\\FYPT5-test\\FYPT5-test\\standard-queries\\CWE-079\\StoredXss.ql",
                        "C:\\Users\\davet\\OneDrive\\Documents\\SingaporePoly\\FYP\\FYPT5-test\\FYPT5-test\\standard-queries\\CWE-079\\UnsafeJQueryPlugin.ql",
                        "C:\\Users\\davet\\OneDrive\\Documents\\SingaporePoly\\FYP\\FYPT5-test\\FYPT5-test\\standard-queries\\CWE-079\\Xss.ql",
                        "C:\\Users\\davet\\OneDrive\\Documents\\SingaporePoly\\FYP\\FYPT5-test\\FYPT5-test\\standard-queries\\CWE-079\\XssThroughDom.ql"
                      ]
[2021-05-27 13:10:27] Creating executor with 3 threads.
[2021-05-27 13:10:27] [DETAILS] execute queries> Compiling in 2 threads due to RAM limits.
[2021-05-27 13:10:27] Calling plumbing command: codeql resolve library-path --query=C:\Users\davet\OneDrive\Documents\SingaporePoly\FYP\FYPT5-test\FYPT5-test\standard-queries\CWE-079\ExceptionXss.ql --format=json
[2021-05-27 13:10:27] [DETAILS] resolve library-path> Resolving query at normalized path C:\Users\davet\OneDrive\Documents\SingaporePoly\FYP\FYPT5-test\FYPT5-test\standard-queries\CWE-079\ExceptionXss.ql.
[2021-05-27 13:10:28] [DETAILS] resolve library-path> Found enclosing pack 'codeql-javascript' at C:\Users\davet\OneDrive\Documents\SingaporePoly\FYP\FYPT5-test\FYPT5-test.
[2021-05-27 13:10:28] [DETAILS] resolve library-path> Adding compilation cache at C:\Users\davet\OneDrive\Documents\SingaporePoly\FYP\FYPT5-test\FYPT5-test\.cache.
[2021-05-27 13:10:28] [DETAILS] resolve library-path> Resolving library dependencies from C:\Users\davet\OneDrive\Documents\SingaporePoly\FYP\FYPT5-test\FYPT5-test\qlpack.yml.
[2021-05-27 13:10:28] [DETAILS] resolve library-path> QL pack dependencies for C:\Users\davet\OneDrive\Documents\SingaporePoly\FYP\FYPT5-test\FYPT5-test resolved OK.
[2021-05-27 13:10:28] [DETAILS] resolve library-path> Found dbscheme through QL packs: C:\Users\davet\OneDrive\Documents\SingaporePoly\FYP\FYPT5-test\FYPT5-test\semmlecode.javascript.dbscheme.
[2021-05-27 13:10:28] Plumbing command codeql resolve library-path completed:
                      {
                        "qlPack" : {
                          "library" : false,
                          "name" : "github/codeql-javascript",
                          "version" : {
                            "major" : 0,
                            "minor" : 0,
                            "patch" : 0,
                            "prerelease" : false
                          },
                          "dbscheme" : "semmlecode.javascript.dbscheme",
                          "suites" : "codeql-suites",
                          "extractor" : "javascript"
                        },
                        "libraryPath" : [
                          "C:\\Users\\davet\\OneDrive\\Documents\\SingaporePoly\\FYP\\FYPT5-test\\FYPT5-test"
                        ],
                        "dbscheme" : "C:\\Users\\davet\\OneDrive\\Documents\\SingaporePoly\\FYP\\FYPT5-test\\FYPT5-test\\semmlecode.javascript.dbscheme",
                        "compilationCache" : [
                          "C:\\Users\\davet\\OneDrive\\Documents\\SingaporePoly\\FYP\\FYPT5-test\\FYPT5-test\\.cache"
                        ],
                        "qlPackName" : "codeql-javascript",
                        "relativeName" : "codeql-javascript\\standard-queries\\CWE-079\\ExceptionXss.ql"
                      }
[2021-05-27 13:10:28] [PROGRESS] execute queries> Compiling query plan for C:\Users\davet\OneDrive\Documents\SingaporePoly\FYP\FYPT5-test\FYPT5-test\standard-queries\CWE-079\ExceptionXss.ql.
[2021-05-27 13:10:28] [DETAILS] execute queries> Resolving imports for C:\Users\davet\OneDrive\Documents\SingaporePoly\FYP\FYPT5-test\FYPT5-test\standard-queries\CWE-079\ExceptionXss.ql.
[2021-05-27 13:10:28] Resolved file set for C:\Users\davet\OneDrive\Documents\SingaporePoly\FYP\FYPT5-test\FYPT5-test\standard-queries\CWE-079\ExceptionXss.ql hashes to 4e76ff8d14d5fbbd6d902ddb4d393a23194cebbf.
[2021-05-27 13:10:28] [DETAILS] execute queries> Checking QL for C:\Users\davet\OneDrive\Documents\SingaporePoly\FYP\FYPT5-test\FYPT5-test\standard-queries\CWE-079\ExceptionXss.ql.
[2021-05-27 13:10:29] ExternalModuleBindingPass ...
[2021-05-27 13:10:29] ExternalModuleBindingPass time: 00:00.183
[2021-05-27 13:10:29] QLPredicateSynthesiser ...
[2021-05-27 13:10:29] QLPredicateSynthesiser time: 00:00.002
[2021-05-27 13:10:29] DeclarationBindingPass ...
[2021-05-27 13:10:29] DeclarationBindingPass time: 00:00.006
[2021-05-27 13:10:29] Fixed point time ...
[2021-05-27 13:10:29] Fixed point time time: 00:00.010
[2021-05-27 13:10:29] ReferenceBindingPass ...
[2021-05-27 13:10:29] ReferenceBindingPass time: 00:00.000
[2021-05-27 13:10:29] EntityTypeUpdateBindingPass ...
[2021-05-27 13:10:29] EntityTypeUpdateBindingPass time: 00:00.000
[2021-05-27 13:10:29] ReferenceBindingCheck ...
[2021-05-27 13:10:29] ReferenceBindingCheck time: 00:00.000
[2021-05-27 13:10:29] PredicateBodyBindingPass ...
[2021-05-27 13:10:29] PredicateBodyBindingPass time: 00:00.001
[2021-05-27 13:10:29] LanguagePragmaPropagationPass ...
[2021-05-27 13:10:29] LanguagePragmaPropagationPass time: 00:00.000
[2021-05-27 13:10:29] Ambiguity checks ...
[2021-05-27 13:10:29] Ambiguity checks time: 00:00.006
[2021-05-27 13:10:29] Ql checks ...
[2021-05-27 13:10:29] Ql checks time: 00:00.066
[2021-05-27 13:10:29] [ERROR] execute queries> ERROR: Could not resolve module semmle.javascript.Aliases (C:\Users\davet\OneDrive\Documents\SingaporePoly\FYP\FYPT5-test\FYPT5-test\javascript.qll:6,8-33)
[2021-05-27 13:10:29] [ERROR] execute queries> ERROR: Could not resolve module semmle.javascript.AMD (C:\Users\davet\OneDrive\Documents\SingaporePoly\FYP\FYPT5-test\FYPT5-test\javascript.qll:7,8-29)
[2021-05-27 13:10:29] [ERROR] execute queries> ERROR: Could not resolve module semmle.javascript.ApiGraphs (C:\Users\davet\OneDrive\Documents\SingaporePoly\FYP\FYPT5-test\FYPT5-test\javascript.qll:8,8-35)
[2021-05-27 13:10:29] [ERROR] execute queries> ERROR: Could not resolve module semmle.javascript.Arrays (C:\Users\davet\OneDrive\Documents\SingaporePoly\FYP\FYPT5-test\FYPT5-test\javascript.qll:9,8-32)
[2021-05-27 13:10:29] [ERROR] execute queries> ERROR: Could not resolve module semmle.javascript.AST (C:\Users\davet\OneDrive\Documents\SingaporePoly\FYP\FYPT5-test\FYPT5-test\javascript.qll:10,8-29)
[2021-05-27 13:10:29] [ERROR] execute queries> ERROR: Could not resolve module semmle.javascript.BasicBlocks (C:\Users\davet\OneDrive\Documents\SingaporePoly\FYP\FYPT5-test\FYPT5-test\javascript.qll:11,8-37)
[2021-05-27 13:10:29] [ERROR] execute queries> ERROR: Could not resolve module semmle.javascript.Base64 (C:\Users\davet\OneDrive\Documents\SingaporePoly\FYP\FYPT5-test\FYPT5-test\javascript.qll:12,8-32)
[2021-05-27 13:10:29] [ERROR] execute queries> ERROR: Could not resolve module semmle.javascript.CFG (C:\Users\davet\OneDrive\Documents\SingaporePoly\FYP\FYPT5-test\FYPT5-test\javascript.qll:13,8-29)
[2021-05-27 13:10:29] [ERROR] execute queries> ERROR: Could not resolve module semmle.javascript.Classes (C:\Users\davet\OneDrive\Documents\SingaporePoly\FYP\FYPT5-test\FYPT5-test\javascript.qll:14,8-33)
[2021-05-27 13:10:29] [ERROR] execute queries> ERROR: Could not resolve module semmle.javascript.Closure (C:\Users\davet\OneDrive\Documents\SingaporePoly\FYP\FYPT5-test\FYPT5-test\javascript.qll:15,8-33)
[2021-05-27 13:10:29] [ERROR] execute queries> ERROR: Could not resolve module semmle.javascript.Collections (C:\Users\davet\OneDrive\Documents\SingaporePoly\FYP\FYPT5-test\FYPT5-test\javascript.qll:16,8-37)
[2021-05-27 13:10:29] [ERROR] execute queries> ERROR: Could not resolve module semmle.javascript.Comments (C:\Users\davet\OneDrive\Documents\SingaporePoly\FYP\FYPT5-test\FYPT5-test\javascript.qll:17,8-34)
[2021-05-27 13:10:29] [ERROR] execute queries> ERROR: Could not resolve module semmle.javascript.Concepts (C:\Users\davet\OneDrive\Documents\SingaporePoly\FYP\FYPT5-test\FYPT5-test\javascript.qll:18,8-34)
[2021-05-27 13:10:29] [ERROR] execute queries> ERROR: Could not resolve module semmle.javascript.Constants (C:\Users\davet\OneDrive\Documents\SingaporePoly\FYP\FYPT5-test\FYPT5-test\javascript.qll:19,8-35)
[2021-05-27 13:10:29] [ERROR] execute queries> ERROR: Could not resolve module semmle.javascript.DefUse (C:\Users\davet\OneDrive\Documents\SingaporePoly\FYP\FYPT5-test\FYPT5-test\javascript.qll:20,8-32)
[2021-05-27 13:10:29] [ERROR] execute queries> ERROR: Could not resolve module semmle.javascript.DOM (C:\Users\davet\OneDrive\Documents\SingaporePoly\FYP\FYPT5-test\FYPT5-test\javascript.qll:21,8-29)
[2021-05-27 13:10:29] [ERROR] execute queries> ERROR: Could not resolve module semmle.javascript.E4X (C:\Users\davet\OneDrive\Documents\SingaporePoly\FYP\FYPT5-test\FYPT5-test\javascript.qll:22,8-29)
[2021-05-27 13:10:29] [ERROR] execute queries> ERROR: Could not resolve module semmle.javascript.EmailClients (C:\Users\davet\OneDrive\Documents\SingaporePoly\FYP\FYPT5-test\FYPT5-test\javascript.qll:23,8-38)
[2021-05-27 13:10:29] [ERROR] execute queries> ERROR: Could not resolve module semmle.javascript.Errors (C:\Users\davet\OneDrive\Documents\SingaporePoly\FYP\FYPT5-test\FYPT5-test\javascript.qll:24,8-32)
[2021-05-27 13:10:29] [ERROR] execute queries> ERROR: Could not resolve module semmle.javascript.ES2015Modules (C:\Users\davet\OneDrive\Documents\SingaporePoly\FYP\FYPT5-test\FYPT5-test\javascript.qll:25,8-39)
[2021-05-27 13:10:29] [ERROR] execute queries> ERROR: Could not resolve module semmle.javascript.Expr (C:\Users\davet\OneDrive\Documents\SingaporePoly\FYP\FYPT5-test\FYPT5-test\javascript.qll:26,8-30)
[2021-05-27 13:10:29] [ERROR] execute queries> ERROR: Could not resolve module semmle.javascript.Extend (C:\Users\davet\OneDrive\Documents\SingaporePoly\FYP\FYPT5-test\FYPT5-test\javascript.qll:27,8-32)
[2021-05-27 13:10:29] [ERROR] execute queries> ERROR: Could not resolve module semmle.javascript.Externs (C:\Users\davet\OneDrive\Documents\SingaporePoly\FYP\FYPT5-test\FYPT5-test\javascript.qll:28,8-33)
[2021-05-27 13:10:29] [ERROR] execute queries> ERROR: Could not resolve module semmle.javascript.Files (C:\Users\davet\OneDrive\Documents\SingaporePoly\FYP\FYPT5-test\FYPT5-test\javascript.qll:29,8-31)
[2021-05-27 13:10:29] [ERROR] execute queries> ERROR: Could not resolve module semmle.javascript.Functions (C:\Users\davet\OneDrive\Documents\SingaporePoly\FYP\FYPT5-test\FYPT5-test\javascript.qll:30,8-35)
[2021-05-27 13:10:29] [ERROR] execute queries> ERROR: Could not resolve module semmle.javascript.Generators (C:\Users\davet\OneDrive\Documents\SingaporePoly\FYP\FYPT5-test\FYPT5-test\javascript.qll:31,8-36)
[2021-05-27 13:10:29] [ERROR] execute queries> ERROR: Could not resolve module semmle.javascript.GlobalAccessPaths (C:\Users\davet\OneDrive\Documents\SingaporePoly\FYP\FYPT5-test\FYPT5-test\javascript.qll:32,8-43)
[2021-05-27 13:10:29] [ERROR] execute queries> ERROR: Could not resolve module semmle.javascript.HTML (C:\Users\davet\OneDrive\Documents\SingaporePoly\FYP\FYPT5-test\FYPT5-test\javascript.qll:33,8-30)
[2021-05-27 13:10:29] [ERROR] execute queries> ERROR: Could not resolve module semmle.javascript.HtmlSanitizers (C:\Users\davet\OneDrive\Documents\SingaporePoly\FYP\FYPT5-test\FYPT5-test\javascript.qll:34,8-40)
[2021-05-27 13:10:29] [ERROR] execute queries> ERROR: Could not resolve module semmle.javascript.InclusionTests (C:\Users\davet\OneDrive\Documents\SingaporePoly\FYP\FYPT5-test\FYPT5-test\javascript.qll:35,8-40)
[2021-05-27 13:10:29] [ERROR] execute queries> ERROR: Could not resolve module semmle.javascript.JSDoc (C:\Users\davet\OneDrive\Documents\SingaporePoly\FYP\FYPT5-test\FYPT5-test\javascript.qll:36,8-31)
[2021-05-27 13:10:29] [ERROR] execute queries> ERROR: Could not resolve module semmle.javascript.JSON (C:\Users\davet\OneDrive\Documents\SingaporePoly\FYP\FYPT5-test\FYPT5-test\javascript.qll:37,8-30)
[2021-05-27 13:10:29] [ERROR] execute queries> ERROR: Could not resolve module semmle.javascript.JsonParsers (C:\Users\davet\OneDrive\Documents\SingaporePoly\FYP\FYPT5-test\FYPT5-test\javascript.qll:38,8-37)
[2021-05-27 13:10:29] [ERROR] execute queries> ERROR: Could not resolve module semmle.javascript.JsonStringifiers (C:\Users\davet\OneDrive\Documents\SingaporePoly\FYP\FYPT5-test\FYPT5-test\javascript.qll:39,8-42)
[2021-05-27 13:10:29] [ERROR] execute queries> ERROR: Could not resolve module semmle.javascript.JSX (C:\Users\davet\OneDrive\Documents\SingaporePoly\FYP\FYPT5-test\FYPT5-test\javascript.qll:40,8-29)
[2021-05-27 13:10:29] [ERROR] execute queries> ERROR: Could not resolve module semmle.javascript.Lines (C:\Users\davet\OneDrive\Documents\SingaporePoly\FYP\FYPT5-test\FYPT5-test\javascript.qll:41,8-31)
[2021-05-27 13:10:29] [ERROR] execute queries> ERROR: Could not resolve module semmle.javascript.Locations (C:\Users\davet\OneDrive\Documents\SingaporePoly\FYP\FYPT5-test\FYPT5-test\javascript.qll:42,8-35)
[2021-05-27 13:10:29] [ERROR] execute queries> ERROR: Could not resolve module semmle.javascript.MembershipCandidates (C:\Users\davet\OneDrive\Documents\SingaporePoly\FYP\FYPT5-test\FYPT5-test\javascript.qll:43,8-46)
[2021-05-27 13:10:29] [ERROR] execute queries> ERROR: Could not resolve module semmle.javascript.Modules (C:\Users\davet\OneDrive\Documents\SingaporePoly\FYP\FYPT5-test\FYPT5-test\javascript.qll:44,8-33)
[2021-05-27 13:10:29] [ERROR] execute queries> ERROR: Could not resolve module semmle.javascript.NodeJS (C:\Users\davet\OneDrive\Documents\SingaporePoly\FYP\FYPT5-test\FYPT5-test\javascript.qll:45,8-32)
[2021-05-27 13:10:29] [ERROR] execute queries> ERROR: Could not resolve module semmle.javascript.NPM (C:\Users\davet\OneDrive\Documents\SingaporePoly\FYP\FYPT5-test\FYPT5-test\javascript.qll:46,8-29)
[2021-05-27 13:10:29] [ERROR] execute queries> ERROR: Could not resolve module semmle.javascript.Paths (C:\Users\davet\OneDrive\Documents\SingaporePoly\FYP\FYPT5-test\FYPT5-test\javascript.qll:47,8-31)
[2021-05-27 13:10:29] [ERROR] execute queries> ERROR: Could not resolve module semmle.javascript.Promises (C:\Users\davet\OneDrive\Documents\SingaporePoly\FYP\FYPT5-test\FYPT5-test\javascript.qll:48,8-34)
[2021-05-27 13:10:29] [ERROR] execute queries> ERROR: Could not resolve module semmle.javascript.CanonicalNames (C:\Users\davet\OneDrive\Documents\SingaporePoly\FYP\FYPT5-test\FYPT5-test\javascript.qll:49,8-40)
[2021-05-27 13:10:29] [ERROR] execute queries> ERROR: Could not resolve module semmle.javascript.RangeAnalysis (C:\Users\davet\OneDrive\Documents\SingaporePoly\FYP\FYPT5-test\FYPT5-test\javascript.qll:50,8-39)
[2021-05-27 13:10:29] [ERROR] execute queries> ERROR: Could not resolve module semmle.javascript.Regexp (C:\Users\davet\OneDrive\Documents\SingaporePoly\FYP\FYPT5-test\FYPT5-test\javascript.qll:51,8-32)
[2021-05-27 13:10:29] [ERROR] execute queries> ERROR: Could not resolve module semmle.javascript.SSA (C:\Users\davet\OneDrive\Documents\SingaporePoly\FYP\FYPT5-test\FYPT5-test\javascript.qll:52,8-29)
[2021-05-27 13:10:29] [ERROR] execute queries> ERROR: Could not resolve module semmle.javascript.StandardLibrary (C:\Users\davet\OneDrive\Documents\SingaporePoly\FYP\FYPT5-test\FYPT5-test\javascript.qll:53,8-41)
[2021-05-27 13:10:29] [ERROR] execute queries> ERROR: Could not resolve module semmle.javascript.Stmt (C:\Users\davet\OneDrive\Documents\SingaporePoly\FYP\FYPT5-test\FYPT5-test\javascript.qll:54,8-30)
[2021-05-27 13:10:29] [ERROR] execute queries> ERROR: Could not resolve module semmle.javascript.StringConcatenation (C:\Users\davet\OneDrive\Documents\SingaporePoly\FYP\FYPT5-test\FYPT5-test\javascript.qll:55,8-45)
[2021-05-27 13:10:29] [ERROR] execute queries> ERROR: Could not resolve module semmle.javascript.StringOps (C:\Users\davet\OneDrive\Documents\SingaporePoly\FYP\FYPT5-test\FYPT5-test\javascript.qll:56,8-35)
[2021-05-27 13:10:29] [ERROR] execute queries> ERROR: Could not resolve module semmle.javascript.Templates (C:\Users\davet\OneDrive\Documents\SingaporePoly\FYP\FYPT5-test\FYPT5-test\javascript.qll:57,8-35)
[2021-05-27 13:10:29] [ERROR] execute queries> ERROR: Could not resolve module semmle.javascript.Tokens (C:\Users\davet\OneDrive\Documents\SingaporePoly\FYP\FYPT5-test\FYPT5-test\javascript.qll:58,8-32)
[2021-05-27 13:10:29] [ERROR] execute queries> ERROR: Could not resolve module semmle.javascript.TypeAnnotations (C:\Users\davet\OneDrive\Documents\SingaporePoly\FYP\FYPT5-test\FYPT5-test\javascript.qll:59,8-41)
[2021-05-27 13:10:29] [ERROR] execute queries> ERROR: Could not resolve module semmle.javascript.TypeScript (C:\Users\davet\OneDrive\Documents\SingaporePoly\FYP\FYPT5-test\FYPT5-test\javascript.qll:60,8-36)
[2021-05-27 13:10:29] [ERROR] execute queries> ERROR: Could not resolve module semmle.javascript.Util (C:\Users\davet\OneDrive\Documents\SingaporePoly\FYP\FYPT5-test\FYPT5-test\javascript.qll:61,8-30)
[2021-05-27 13:10:29] [ERROR] execute queries> ERROR: Could not resolve module semmle.javascript.Variables (C:\Users\davet\OneDrive\Documents\SingaporePoly\FYP\FYPT5-test\FYPT5-test\javascript.qll:62,8-35)
[2021-05-27 13:10:29] [ERROR] execute queries> ERROR: Could not resolve module semmle.javascript.XML (C:\Users\davet\OneDrive\Documents\SingaporePoly\FYP\FYPT5-test\FYPT5-test\javascript.qll:63,8-29)
[2021-05-27 13:10:29] [ERROR] execute queries> ERROR: Could not resolve module semmle.javascript.YAML (C:\Users\davet\OneDrive\Documents\SingaporePoly\FYP\FYPT5-test\FYPT5-test\javascript.qll:64,8-30)
[2021-05-27 13:10:29] [ERROR] execute queries> ERROR: Could not resolve module semmle.javascript.dataflow.DataFlow (C:\Users\davet\OneDrive\Documents\SingaporePoly\FYP\FYPT5-test\FYPT5-test\javascript.qll:65,8-43)
[2021-05-27 13:10:29] [ERROR] execute queries> ERROR: Could not resolve module semmle.javascript.dataflow.TaintTracking (C:\Users\davet\OneDrive\Documents\SingaporePoly\FYP\FYPT5-test\FYPT5-test\javascript.qll:66,8-48)
[2021-05-27 13:10:29] [ERROR] execute queries> ERROR: Could not resolve module semmle.javascript.dataflow.TypeInference (C:\Users\davet\OneDrive\Documents\SingaporePoly\FYP\FYPT5-test\FYPT5-test\javascript.qll:67,8-48)
[2021-05-27 13:10:29] [ERROR] execute queries> ERROR: Could not resolve module semmle.javascript.frameworks.Angular2 (C:\Users\davet\OneDrive\Documents\SingaporePoly\FYP\FYPT5-test\FYPT5-test\javascript.qll:68,8-45)
[2021-05-27 13:10:29] [ERROR] execute queries> ERROR: Could not resolve module semmle.javascript.frameworks.AngularJS (C:\Users\davet\OneDrive\Documents\SingaporePoly\FYP\FYPT5-test\FYPT5-test\javascript.qll:69,8-46)
[2021-05-27 13:10:29] [ERROR] execute queries> ERROR: Could not resolve module semmle.javascript.frameworks.AsyncPackage (C:\Users\davet\OneDrive\Documents\SingaporePoly\FYP\FYPT5-test\FYPT5-test\javascript.qll:70,8-49)
[2021-05-27 13:10:29] [ERROR] execute queries> ERROR: Could not resolve module semmle.javascript.frameworks.AWS (C:\Users\davet\OneDrive\Documents\SingaporePoly\FYP\FYPT5-test\FYPT5-test\javascript.qll:71,8-40)
[2021-05-27 13:10:29] [ERROR] execute queries> ERROR: Could not resolve module semmle.javascript.frameworks.Azure (C:\Users\davet\OneDrive\Documents\SingaporePoly\FYP\FYPT5-test\FYPT5-test\javascript.qll:72,8-42)
[2021-05-27 13:10:29] [ERROR] execute queries> ERROR: Could not resolve module semmle.javascript.frameworks.Babel (C:\Users\davet\OneDrive\Documents\SingaporePoly\FYP\FYPT5-test\FYPT5-test\javascript.qll:73,8-42)
[2021-05-27 13:10:29] [ERROR] execute queries> ERROR: Could not resolve module semmle.javascript.frameworks.Cheerio (C:\Users\davet\OneDrive\Documents\SingaporePoly\FYP\FYPT5-test\FYPT5-test\javascript.qll:74,8-44)
[2021-05-27 13:10:29] [ERROR] execute queries> ERROR: Could not resolve module semmle.javascript.frameworks.ComposedFunctions (C:\Users\davet\OneDrive\Documents\SingaporePoly\FYP\FYPT5-test\FYPT5-test\javascript.qll:75,8-54)
[2021-05-27 13:10:29] [ERROR] execute queries> ERROR: Could not resolve module semmle.javascript.frameworks.Classnames (C:\Users\davet\OneDrive\Documents\SingaporePoly\FYP\FYPT5-test\FYPT5-test\javascript.qll:76,8-47)
[2021-05-27 13:10:29] [ERROR] execute queries> ERROR: Could not resolve module semmle.javascript.frameworks.ClientRequests (C:\Users\davet\OneDrive\Documents\SingaporePoly\FYP\FYPT5-test\FYPT5-test\javascript.qll:77,8-51)
[2021-05-27 13:10:29] [ERROR] execute queries> ERROR: Could not resolve module semmle.javascript.frameworks.ClosureLibrary (C:\Users\davet\OneDrive\Documents\SingaporePoly\FYP\FYPT5-test\FYPT5-test\javascript.qll:78,8-51)
[2021-05-27 13:10:29] [ERROR] execute queries> ERROR: Could not resolve module semmle.javascript.frameworks.CookieLibraries (C:\Users\davet\OneDrive\Documents\SingaporePoly\FYP\FYPT5-test\FYPT5-test\javascript.qll:79,8-52)
[2021-05-27 13:10:29] [ERROR] execute queries> ERROR: Could not resolve module semmle.javascript.frameworks.Credentials (C:\Users\davet\OneDrive\Documents\SingaporePoly\FYP\FYPT5-test\FYPT5-test\javascript.qll:80,8-48)
[2021-05-27 13:10:29] [ERROR] execute queries> ERROR: Could not resolve module semmle.javascript.frameworks.CryptoLibraries (C:\Users\davet\OneDrive\Documents\SingaporePoly\FYP\FYPT5-test\FYPT5-test\javascript.qll:81,8-52)
[2021-05-27 13:10:29] [ERROR] execute queries> ERROR: Could not resolve module semmle.javascript.frameworks.DateFunctions (C:\Users\davet\OneDrive\Documents\SingaporePoly\FYP\FYPT5-test\FYPT5-test\javascript.qll:82,8-50)
[2021-05-27 13:10:29] [ERROR] execute queries> ERROR: Could not resolve module semmle.javascript.frameworks.DigitalOcean (C:\Users\davet\OneDrive\Documents\SingaporePoly\FYP\FYPT5-test\FYPT5-test\javascript.qll:83,8-49)
[2021-05-27 13:10:29] [ERROR] execute queries> ERROR: Could not resolve module semmle.javascript.frameworks.Electron (C:\Users\davet\OneDrive\Documents\SingaporePoly\FYP\FYPT5-test\FYPT5-test\javascript.qll:84,8-45)
[2021-05-27 13:10:29] [ERROR] execute queries> ERROR: Could not resolve module semmle.javascript.frameworks.EventEmitter (C:\Users\davet\OneDrive\Documents\SingaporePoly\FYP\FYPT5-test\FYPT5-test\javascript.qll:85,8-49)
[2021-05-27 13:10:29] [ERROR] execute queries> ERROR: Could not resolve module semmle.javascript.frameworks.Files (C:\Users\davet\OneDrive\Documents\SingaporePoly\FYP\FYPT5-test\FYPT5-test\javascript.qll:86,8-42)
[2021-05-27 13:10:29] [ERROR] execute queries> ERROR: Could not resolve module semmle.javascript.frameworks.Firebase (C:\Users\davet\OneDrive\Documents\SingaporePoly\FYP\FYPT5-test\FYPT5-test\javascript.qll:87,8-45)
[2021-05-27 13:10:29] [ERROR] execute queries> ERROR: Could not resolve module semmle.javascript.frameworks.FormParsers (C:\Users\davet\OneDrive\Documents\SingaporePoly\FYP\FYPT5-test\FYPT5-test\javascript.qll:88,8-48)
[2021-05-27 13:10:29] [ERROR] execute queries> ERROR: Could not resolve module semmle.javascript.frameworks.jQuery (C:\Users\davet\OneDrive\Documents\SingaporePoly\FYP\FYPT5-test\FYPT5-test\javascript.qll:89,8-43)
[2021-05-27 13:10:29] [ERROR] execute queries> ERROR: Could not resolve module semmle.javascript.frameworks.JWT (C:\Users\davet\OneDrive\Documents\SingaporePoly\FYP\FYPT5-test\FYPT5-test\javascript.qll:90,8-40)
[2021-05-27 13:10:29] [ERROR] execute queries> ERROR: Could not resolve module semmle.javascript.frameworks.Handlebars (C:\Users\davet\OneDrive\Documents\SingaporePoly\FYP\FYPT5-test\FYPT5-test\javascript.qll:91,8-47)
[2021-05-27 13:10:29] [ERROR] execute queries> ERROR: Could not resolve module semmle.javascript.frameworks.Immutable (C:\Users\davet\OneDrive\Documents\SingaporePoly\FYP\FYPT5-test\FYPT5-test\javascript.qll:92,8-46)
[2021-05-27 13:10:29] [ERROR] execute queries> ERROR: Could not resolve module semmle.javascript.frameworks.LazyCache (C:\Users\davet\OneDrive\Documents\SingaporePoly\FYP\FYPT5-test\FYPT5-test\javascript.qll:93,8-46)
[2021-05-27 13:10:29] [ERROR] execute queries> ERROR: Could not resolve module semmle.javascript.frameworks.LodashUnderscore (C:\Users\davet\OneDrive\Documents\SingaporePoly\FYP\FYPT5-test\FYPT5-test\javascript.qll:94,8-53)
[2021-05-27 13:10:29] [ERROR] execute queries> ERROR: Could not resolve module semmle.javascript.frameworks.Logging (C:\Users\davet\OneDrive\Documents\SingaporePoly\FYP\FYPT5-test\FYPT5-test\javascript.qll:95,8-44)
[2021-05-27 13:10:29] [ERROR] execute queries> ERROR: Could not resolve module semmle.javascript.frameworks.HttpFrameworks (C:\Users\davet\OneDrive\Documents\SingaporePoly\FYP\FYPT5-test\FYPT5-test\javascript.qll:96,8-51)
[2021-05-27 13:10:29] [ERROR] execute queries> ERROR: Could not resolve module semmle.javascript.frameworks.Markdown (C:\Users\davet\OneDrive\Documents\SingaporePoly\FYP\FYPT5-test\FYPT5-test\javascript.qll:97,8-45)
[2021-05-27 13:10:29] [ERROR] execute queries> ERROR: Could not resolve module semmle.javascript.frameworks.NoSQL (C:\Users\davet\OneDrive\Documents\SingaporePoly\FYP\FYPT5-test\FYPT5-test\javascript.qll:98,8-42)
[2021-05-27 13:10:29] [ERROR] execute queries> ERROR: Could not resolve module semmle.javascript.frameworks.PkgCloud (C:\Users\davet\OneDrive\Documents\SingaporePoly\FYP\FYPT5-test\FYPT5-test\javascript.qll:99,8-45)
[2021-05-27 13:10:29] [ERROR] execute queries> ERROR: Could not resolve module semmle.javascript.frameworks.PropertyProjection (C:\Users\davet\OneDrive\Documents\SingaporePoly\FYP\FYPT5-test\FYPT5-test\javascript.qll:100,8-55)
[2021-05-27 13:10:29] [ERROR] execute queries> ERROR: Could not resolve module semmle.javascript.frameworks.React (C:\Users\davet\OneDrive\Documents\SingaporePoly\FYP\FYPT5-test\FYPT5-test\javascript.qll:101,8-42)
[2021-05-27 13:10:29] [ERROR] execute queries> ERROR: Could not resolve module semmle.javascript.frameworks.ReactNative (C:\Users\davet\OneDrive\Documents\SingaporePoly\FYP\FYPT5-test\FYPT5-test\javascript.qll:102,8-48)
[2021-05-27 13:10:29] [ERROR] execute queries> ERROR: Could not resolve module semmle.javascript.frameworks.Request (C:\Users\davet\OneDrive\Documents\SingaporePoly\FYP\FYPT5-test\FYPT5-test\javascript.qll:103,8-44)
[2021-05-27 13:10:29] [ERROR] execute queries> ERROR: Could not resolve module semmle.javascript.frameworks.RxJS (C:\Users\davet\OneDrive\Documents\SingaporePoly\FYP\FYPT5-test\FYPT5-test\javascript.qll:104,8-41)
[2021-05-27 13:10:29] [ERROR] execute queries> ERROR: Could not resolve module semmle.javascript.frameworks.ServerLess (C:\Users\davet\OneDrive\Documents\SingaporePoly\FYP\FYPT5-test\FYPT5-test\javascript.qll:105,8-47)
[2021-05-27 13:10:29] [ERROR] execute queries> ERROR: Could not resolve module semmle.javascript.frameworks.ShellJS (C:\Users\davet\OneDrive\Documents\SingaporePoly\FYP\FYPT5-test\FYPT5-test\javascript.qll:106,8-44)
[2021-05-27 13:10:29] [ERROR] execute queries> ERROR: Could not resolve module semmle.javascript.frameworks.SystemCommandExecutors (C:\Users\davet\OneDrive\Documents\SingaporePoly\FYP\FYPT5-test\FYPT5-test\javascript.qll:107,8-59)
[2021-05-27 13:10:29] [ERROR] execute queries> ERROR: Could not resolve module semmle.javascript.frameworks.SQL (C:\Users\davet\OneDrive\Documents\SingaporePoly\FYP\FYPT5-test\FYPT5-test\javascript.qll:108,8-40)
[2021-05-27 13:10:29] [ERROR] execute queries> ERROR: Could not resolve module semmle.javascript.frameworks.SocketIO (C:\Users\davet\OneDrive\Documents\SingaporePoly\FYP\FYPT5-test\FYPT5-test\javascript.qll:109,8-45)
[2021-05-27 13:10:29] [ERROR] execute queries> ERROR: Could not resolve module semmle.javascript.frameworks.StringFormatters (C:\Users\davet\OneDrive\Documents\SingaporePoly\FYP\FYPT5-test\FYPT5-test\javascript.qll:110,8-53)
[2021-05-27 13:10:29] [ERROR] execute queries> ERROR: Could not resolve module semmle.javascript.frameworks.TorrentLibraries (C:\Users\davet\OneDrive\Documents\SingaporePoly\FYP\FYPT5-test\FYPT5-test\javascript.qll:111,8-53)
[2021-05-27 13:10:29] [ERROR] execute queries> ERROR: Could not resolve module semmle.javascript.frameworks.Typeahead (C:\Users\davet\OneDrive\Documents\SingaporePoly\FYP\FYPT5-test\FYPT5-test\javascript.qll:112,8-46)
[2021-05-27 13:10:29] [ERROR] execute queries> ERROR: Could not resolve module semmle.javascript.frameworks.UriLibraries (C:\Users\davet\OneDrive\Documents\SingaporePoly\FYP\FYPT5-test\FYPT5-test\javascript.qll:113,8-49)
[2021-05-27 13:10:29] [ERROR] execute queries> ERROR: Could not resolve module semmle.javascript.frameworks.Vue (C:\Users\davet\OneDrive\Documents\SingaporePoly\FYP\FYPT5-test\FYPT5-test\javascript.qll:114,8-40)
[2021-05-27 13:10:29] [ERROR] execute queries> ERROR: Could not resolve module semmle.javascript.frameworks.WebSocket (C:\Users\davet\OneDrive\Documents\SingaporePoly\FYP\FYPT5-test\FYPT5-test\javascript.qll:115,8-46)
[2021-05-27 13:10:29] [ERROR] execute queries> ERROR: Could not resolve module semmle.javascript.frameworks.XmlParsers (C:\Users\davet\OneDrive\Documents\SingaporePoly\FYP\FYPT5-test\FYPT5-test\javascript.qll:116,8-47)
[2021-05-27 13:10:29] [ERROR] execute queries> ERROR: Could not resolve module semmle.javascript.frameworks.xUnit (C:\Users\davet\OneDrive\Documents\SingaporePoly\FYP\FYPT5-test\FYPT5-test\javascript.qll:117,8-42)
[2021-05-27 13:10:29] [ERROR] execute queries> ERROR: Could not resolve module semmle.javascript.linters.ESLint (C:\Users\davet\OneDrive\Documents\SingaporePoly\FYP\FYPT5-test\FYPT5-test\javascript.qll:118,8-40)
[2021-05-27 13:10:29] [ERROR] execute queries> ERROR: Could not resolve module semmle.javascript.linters.JSLint (C:\Users\davet\OneDrive\Documents\SingaporePoly\FYP\FYPT5-test\FYPT5-test\javascript.qll:119,8-40)
[2021-05-27 13:10:29] [ERROR] execute queries> ERROR: Could not resolve module semmle.javascript.linters.Linting (C:\Users\davet\OneDrive\Documents\SingaporePoly\FYP\FYPT5-test\FYPT5-test\javascript.qll:120,8-41)
[2021-05-27 13:10:29] [ERROR] execute queries> ERROR: Could not resolve module semmle.javascript.security.dataflow.RemoteFlowSources (C:\Users\davet\OneDrive\Documents\SingaporePoly\FYP\FYPT5-test\FYPT5-test\javascript.qll:121,8-61)
[2021-05-27 13:10:29] [ERROR] execute queries> ERROR: Could not resolve module semmle.javascript.security.dataflow.ExceptionXss (C:\Users\davet\OneDrive\Documents\SingaporePoly\FYP\FYPT5-test\FYPT5-test\standard-queries\CWE-079\ExceptionXss.ql:15,8-56)
[2021-05-27 13:10:29] [ERROR] execute queries> ERROR: Could not resolve module DataFlow (C:\Users\davet\OneDrive\Documents\SingaporePoly\FYP\FYPT5-test\FYPT5-test\standard-queries\CWE-079\ExceptionXss.ql:16,8-16)
[2021-05-27 13:10:29] [ERROR] execute queries> ERROR: Could not resolve type Configuration (C:\Users\davet\OneDrive\Documents\SingaporePoly\FYP\FYPT5-test\FYPT5-test\standard-queries\CWE-079\ExceptionXss.ql:18,6-19)
[2021-05-27 13:10:29] [ERROR] execute queries> ERROR: Could not resolve module DataFlow (C:\Users\davet\OneDrive\Documents\SingaporePoly\FYP\FYPT5-test\FYPT5-test\standard-queries\CWE-079\ExceptionXss.ql:18,25-33)
[2021-05-27 13:10:29] [ERROR] execute queries> ERROR: Could not resolve module DataFlow (C:\Users\davet\OneDrive\Documents\SingaporePoly\FYP\FYPT5-test\FYPT5-test\standard-queries\CWE-079\ExceptionXss.ql:18,52-60)
[2021-05-27 13:10:29] Sequence stamp origin is -6587052924993727085
[2021-05-27 13:10:29] Stopped the world to close the cache at sequence stamp o+0
[2021-05-27 13:10:29] The disk cache is freshly trimmed; leave it be.
[2021-05-27 13:10:29] Starting the world again
[2021-05-27 13:10:29] Exiting with code 2
