[2021-05-28 19:15:23] This is codeql database create ./kodo-backEnd/databases/44c873e5-1436-4bfb-8a17-e0222e5988e9_db --source-root=./kodo-backEnd/webServer_Folders/44c873e5-1436-4bfb-8a17-e0222e5988e9 --language=javascript
[2021-05-28 19:15:23] Log file was started late.
[2021-05-28 19:15:23] Using autobuild script C:\Users\davet\OneDrive\Documents\SingaporePoly\FYP\CodeQL-home\javascript\tools\autobuild.cmd.
[2021-05-28 19:15:23] [DETAILS] database create> Detected autobuild command: C:\Users\davet\OneDrive\Documents\SingaporePoly\FYP\CodeQL-home\javascript\tools\autobuild.cmd.
[2021-05-28 19:15:23] [PROGRESS] database create> Running command [C:\Users\davet\OneDrive\Documents\SingaporePoly\FYP\CodeQL-home\javascript\tools\autobuild.cmd] in C:\Users\davet\OneDrive\Documents\SingaporePoly\FYP\FYPT5-test\FYPT5-test\kodo-webserver\kodo-backEnd\webServer_Folders\44c873e5-1436-4bfb-8a17-e0222e5988e9.
[2021-05-28 19:15:23] Running plumbing command: codeql database trace-command --working-dir=C:\Users\davet\OneDrive\Documents\SingaporePoly\FYP\FYPT5-test\FYPT5-test\kodo-webserver\kodo-backEnd\webServer_Folders\44c873e5-1436-4bfb-8a17-e0222e5988e9 -- C:\Users\davet\OneDrive\Documents\SingaporePoly\FYP\FYPT5-test\FYPT5-test\kodo-webserver\kodo-backEnd\databases\44c873e5-1436-4bfb-8a17-e0222e5988e9_db C:\Users\davet\OneDrive\Documents\SingaporePoly\FYP\CodeQL-home\javascript\tools\autobuild.cmd
[2021-05-28 19:15:23] [PROGRESS] database trace-command> C:\Users\davet\OneDrive\Documents\SingaporePoly\FYP\FYPT5-test\FYPT5-test\kodo-webserver\kodo-backEnd\databases\44c873e5-1436-4bfb-8a17-e0222e5988e9_db: Running in C:\Users\davet\OneDrive\Documents\SingaporePoly\FYP\FYPT5-test\FYPT5-test\kodo-webserver\kodo-backEnd\webServer_Folders\44c873e5-1436-4bfb-8a17-e0222e5988e9: [C:\Users\davet\OneDrive\Documents\SingaporePoly\FYP\CodeQL-home\javascript\tools\autobuild.cmd]
[2021-05-28 19:15:24] [build] Single-threaded extraction.
[2021-05-28 19:15:25] [build] Extracting C:\Users\davet\OneDrive\Documents\SingaporePoly\FYP\FYPT5-test\FYPT5-test\kodo-webserver\kodo-backEnd\webServer_Folders\44c873e5-1436-4bfb-8a17-e0222e5988e9\dvna-master\config\db.js
[2021-05-28 19:15:25] [build] Done extracting C:\Users\davet\OneDrive\Documents\SingaporePoly\FYP\FYPT5-test\FYPT5-test\kodo-webserver\kodo-backEnd\webServer_Folders\44c873e5-1436-4bfb-8a17-e0222e5988e9\dvna-master\config\db.js (623 ms)
[2021-05-28 19:15:25] [build] Extracting C:\Users\davet\OneDrive\Documents\SingaporePoly\FYP\FYPT5-test\FYPT5-test\kodo-webserver\kodo-backEnd\webServer_Folders\44c873e5-1436-4bfb-8a17-e0222e5988e9\dvna-master\config\server.js
[2021-05-28 19:15:25] [build] Done extracting C:\Users\davet\OneDrive\Documents\SingaporePoly\FYP\FYPT5-test\FYPT5-test\kodo-webserver\kodo-backEnd\webServer_Folders\44c873e5-1436-4bfb-8a17-e0222e5988e9\dvna-master\config\server.js (16 ms)
[2021-05-28 19:15:25] [build] Extracting C:\Users\davet\OneDrive\Documents\SingaporePoly\FYP\FYPT5-test\FYPT5-test\kodo-webserver\kodo-backEnd\webServer_Folders\44c873e5-1436-4bfb-8a17-e0222e5988e9\dvna-master\config\vulns.js
[2021-05-28 19:15:25] [build] Done extracting C:\Users\davet\OneDrive\Documents\SingaporePoly\FYP\FYPT5-test\FYPT5-test\kodo-webserver\kodo-backEnd\webServer_Folders\44c873e5-1436-4bfb-8a17-e0222e5988e9\dvna-master\config\vulns.js (37 ms)
[2021-05-28 19:15:25] [build] Extracting C:\Users\davet\OneDrive\Documents\SingaporePoly\FYP\FYPT5-test\FYPT5-test\kodo-webserver\kodo-backEnd\webServer_Folders\44c873e5-1436-4bfb-8a17-e0222e5988e9\dvna-master\core\appHandler.js
[2021-05-28 19:15:26] [build] Done extracting C:\Users\davet\OneDrive\Documents\SingaporePoly\FYP\FYPT5-test\FYPT5-test\kodo-webserver\kodo-backEnd\webServer_Folders\44c873e5-1436-4bfb-8a17-e0222e5988e9\dvna-master\core\appHandler.js (402 ms)
[2021-05-28 19:15:26] [build] Extracting C:\Users\davet\OneDrive\Documents\SingaporePoly\FYP\FYPT5-test\FYPT5-test\kodo-webserver\kodo-backEnd\webServer_Folders\44c873e5-1436-4bfb-8a17-e0222e5988e9\dvna-master\core\authHandler.js
[2021-05-28 19:15:26] [build] Done extracting C:\Users\davet\OneDrive\Documents\SingaporePoly\FYP\FYPT5-test\FYPT5-test\kodo-webserver\kodo-backEnd\webServer_Folders\44c873e5-1436-4bfb-8a17-e0222e5988e9\dvna-master\core\authHandler.js (143 ms)
[2021-05-28 19:15:26] [build] Extracting C:\Users\davet\OneDrive\Documents\SingaporePoly\FYP\FYPT5-test\FYPT5-test\kodo-webserver\kodo-backEnd\webServer_Folders\44c873e5-1436-4bfb-8a17-e0222e5988e9\dvna-master\core\passport.js
[2021-05-28 19:15:26] [build] Done extracting C:\Users\davet\OneDrive\Documents\SingaporePoly\FYP\FYPT5-test\FYPT5-test\kodo-webserver\kodo-backEnd\webServer_Folders\44c873e5-1436-4bfb-8a17-e0222e5988e9\dvna-master\core\passport.js (72 ms)
[2021-05-28 19:15:26] [build] Extracting C:\Users\davet\OneDrive\Documents\SingaporePoly\FYP\FYPT5-test\FYPT5-test\kodo-webserver\kodo-backEnd\webServer_Folders\44c873e5-1436-4bfb-8a17-e0222e5988e9\dvna-master\models\index.js
[2021-05-28 19:15:26] [build] Done extracting C:\Users\davet\OneDrive\Documents\SingaporePoly\FYP\FYPT5-test\FYPT5-test\kodo-webserver\kodo-backEnd\webServer_Folders\44c873e5-1436-4bfb-8a17-e0222e5988e9\dvna-master\models\index.js (86 ms)
[2021-05-28 19:15:26] [build] Extracting C:\Users\davet\OneDrive\Documents\SingaporePoly\FYP\FYPT5-test\FYPT5-test\kodo-webserver\kodo-backEnd\webServer_Folders\44c873e5-1436-4bfb-8a17-e0222e5988e9\dvna-master\models\product.js
[2021-05-28 19:15:26] [build] Done extracting C:\Users\davet\OneDrive\Documents\SingaporePoly\FYP\FYPT5-test\FYPT5-test\kodo-webserver\kodo-backEnd\webServer_Folders\44c873e5-1436-4bfb-8a17-e0222e5988e9\dvna-master\models\product.js (18 ms)
[2021-05-28 19:15:26] [build] Extracting C:\Users\davet\OneDrive\Documents\SingaporePoly\FYP\FYPT5-test\FYPT5-test\kodo-webserver\kodo-backEnd\webServer_Folders\44c873e5-1436-4bfb-8a17-e0222e5988e9\dvna-master\models\user.js
[2021-05-28 19:15:26] [build] Done extracting C:\Users\davet\OneDrive\Documents\SingaporePoly\FYP\FYPT5-test\FYPT5-test\kodo-webserver\kodo-backEnd\webServer_Folders\44c873e5-1436-4bfb-8a17-e0222e5988e9\dvna-master\models\user.js (19 ms)
[2021-05-28 19:15:26] [build] Extracting C:\Users\davet\OneDrive\Documents\SingaporePoly\FYP\FYPT5-test\FYPT5-test\kodo-webserver\kodo-backEnd\webServer_Folders\44c873e5-1436-4bfb-8a17-e0222e5988e9\dvna-master\routes\app.js
[2021-05-28 19:15:26] [build] Done extracting C:\Users\davet\OneDrive\Documents\SingaporePoly\FYP\FYPT5-test\FYPT5-test\kodo-webserver\kodo-backEnd\webServer_Folders\44c873e5-1436-4bfb-8a17-e0222e5988e9\dvna-master\routes\app.js (56 ms)
[2021-05-28 19:15:26] [build] Extracting C:\Users\davet\OneDrive\Documents\SingaporePoly\FYP\FYPT5-test\FYPT5-test\kodo-webserver\kodo-backEnd\webServer_Folders\44c873e5-1436-4bfb-8a17-e0222e5988e9\dvna-master\routes\main.js
[2021-05-28 19:15:26] [build] Done extracting C:\Users\davet\OneDrive\Documents\SingaporePoly\FYP\FYPT5-test\FYPT5-test\kodo-webserver\kodo-backEnd\webServer_Folders\44c873e5-1436-4bfb-8a17-e0222e5988e9\dvna-master\routes\main.js (50 ms)
[2021-05-28 19:15:26] [build] Extracting C:\Users\davet\OneDrive\Documents\SingaporePoly\FYP\FYPT5-test\FYPT5-test\kodo-webserver\kodo-backEnd\webServer_Folders\44c873e5-1436-4bfb-8a17-e0222e5988e9\dvna-master\docker-compose.yml
[2021-05-28 19:15:26] [build] Done extracting C:\Users\davet\OneDrive\Documents\SingaporePoly\FYP\FYPT5-test\FYPT5-test\kodo-webserver\kodo-backEnd\webServer_Folders\44c873e5-1436-4bfb-8a17-e0222e5988e9\dvna-master\docker-compose.yml (76 ms)
[2021-05-28 19:15:26] [build] Extracting C:\Users\davet\OneDrive\Documents\SingaporePoly\FYP\FYPT5-test\FYPT5-test\kodo-webserver\kodo-backEnd\webServer_Folders\44c873e5-1436-4bfb-8a17-e0222e5988e9\dvna-master\package.json
[2021-05-28 19:15:26] [build] Done extracting C:\Users\davet\OneDrive\Documents\SingaporePoly\FYP\FYPT5-test\FYPT5-test\kodo-webserver\kodo-backEnd\webServer_Folders\44c873e5-1436-4bfb-8a17-e0222e5988e9\dvna-master\package.json (20 ms)
[2021-05-28 19:15:26] [build] Extracting C:\Users\davet\OneDrive\Documents\SingaporePoly\FYP\FYPT5-test\FYPT5-test\kodo-webserver\kodo-backEnd\webServer_Folders\44c873e5-1436-4bfb-8a17-e0222e5988e9\dvna-master\server.js
[2021-05-28 19:15:26] [build] Done extracting C:\Users\davet\OneDrive\Documents\SingaporePoly\FYP\FYPT5-test\FYPT5-test\kodo-webserver\kodo-backEnd\webServer_Folders\44c873e5-1436-4bfb-8a17-e0222e5988e9\dvna-master\server.js (43 ms)
[2021-05-28 19:15:26] [build-err] No externs trap cache found
[2021-05-28 19:15:26] [build] Extracting C:\Users\davet\OneDrive\Documents\SingaporePoly\FYP\CodeQL-home\javascript\tools\data\externs\es\es2016.js
[2021-05-28 19:15:26] [build] Done extracting C:\Users\davet\OneDrive\Documents\SingaporePoly\FYP\CodeQL-home\javascript\tools\data\externs\es\es2016.js (79 ms)
[2021-05-28 19:15:26] [build] Extracting C:\Users\davet\OneDrive\Documents\SingaporePoly\FYP\CodeQL-home\javascript\tools\data\externs\es\es2017.js
[2021-05-28 19:15:26] [build] Done extracting C:\Users\davet\OneDrive\Documents\SingaporePoly\FYP\CodeQL-home\javascript\tools\data\externs\es\es2017.js (18 ms)
[2021-05-28 19:15:26] [build] Extracting C:\Users\davet\OneDrive\Documents\SingaporePoly\FYP\CodeQL-home\javascript\tools\data\externs\es\es3.js
[2021-05-28 19:15:27] [build] Done extracting C:\Users\davet\OneDrive\Documents\SingaporePoly\FYP\CodeQL-home\javascript\tools\data\externs\es\es3.js (619 ms)
[2021-05-28 19:15:27] [build] Extracting C:\Users\davet\OneDrive\Documents\SingaporePoly\FYP\CodeQL-home\javascript\tools\data\externs\es\es5.js
[2021-05-28 19:15:27] [build] Done extracting C:\Users\davet\OneDrive\Documents\SingaporePoly\FYP\CodeQL-home\javascript\tools\data\externs\es\es5.js (84 ms)
[2021-05-28 19:15:27] [build] Extracting C:\Users\davet\OneDrive\Documents\SingaporePoly\FYP\CodeQL-home\javascript\tools\data\externs\es\es6.js
[2021-05-28 19:15:27] [build] Done extracting C:\Users\davet\OneDrive\Documents\SingaporePoly\FYP\CodeQL-home\javascript\tools\data\externs\es\es6.js (292 ms)
[2021-05-28 19:15:27] [build] Extracting C:\Users\davet\OneDrive\Documents\SingaporePoly\FYP\CodeQL-home\javascript\tools\data\externs\es\es6_collections.js
[2021-05-28 19:15:27] [build] Done extracting C:\Users\davet\OneDrive\Documents\SingaporePoly\FYP\CodeQL-home\javascript\tools\data\externs\es\es6_collections.js (52 ms)
[2021-05-28 19:15:27] [build] Extracting C:\Users\davet\OneDrive\Documents\SingaporePoly\FYP\CodeQL-home\javascript\tools\data\externs\es\intl.js
[2021-05-28 19:15:27] [build] Done extracting C:\Users\davet\OneDrive\Documents\SingaporePoly\FYP\CodeQL-home\javascript\tools\data\externs\es\intl.js (32 ms)
[2021-05-28 19:15:27] [build] Extracting C:\Users\davet\OneDrive\Documents\SingaporePoly\FYP\CodeQL-home\javascript\tools\data\externs\es\proxy.js
[2021-05-28 19:15:27] [build] Done extracting C:\Users\davet\OneDrive\Documents\SingaporePoly\FYP\CodeQL-home\javascript\tools\data\externs\es\proxy.js (7 ms)
[2021-05-28 19:15:27] [build] Extracting C:\Users\davet\OneDrive\Documents\SingaporePoly\FYP\CodeQL-home\javascript\tools\data\externs\lib\bdd.js
[2021-05-28 19:15:27] [build] Done extracting C:\Users\davet\OneDrive\Documents\SingaporePoly\FYP\CodeQL-home\javascript\tools\data\externs\lib\bdd.js (20 ms)
[2021-05-28 19:15:27] [build] Extracting C:\Users\davet\OneDrive\Documents\SingaporePoly\FYP\CodeQL-home\javascript\tools\data\externs\lib\jquery-3.2.js
[2021-05-28 19:15:28] [build] Done extracting C:\Users\davet\OneDrive\Documents\SingaporePoly\FYP\CodeQL-home\javascript\tools\data\externs\lib\jquery-3.2.js (381 ms)
[2021-05-28 19:15:28] [build] Extracting C:\Users\davet\OneDrive\Documents\SingaporePoly\FYP\CodeQL-home\javascript\tools\data\externs\lib\should.js
[2021-05-28 19:15:28] [build] Done extracting C:\Users\davet\OneDrive\Documents\SingaporePoly\FYP\CodeQL-home\javascript\tools\data\externs\lib\should.js (53 ms)
[2021-05-28 19:15:28] [build] Extracting C:\Users\davet\OneDrive\Documents\SingaporePoly\FYP\CodeQL-home\javascript\tools\data\externs\lib\vows.js
[2021-05-28 19:15:28] [build] Done extracting C:\Users\davet\OneDrive\Documents\SingaporePoly\FYP\CodeQL-home\javascript\tools\data\externs\lib\vows.js (66 ms)
[2021-05-28 19:15:28] [build] Extracting C:\Users\davet\OneDrive\Documents\SingaporePoly\FYP\CodeQL-home\javascript\tools\data\externs\nodejs\assert.js
[2021-05-28 19:15:28] [build] Done extracting C:\Users\davet\OneDrive\Documents\SingaporePoly\FYP\CodeQL-home\javascript\tools\data\externs\nodejs\assert.js (99 ms)
[2021-05-28 19:15:28] [build] Extracting C:\Users\davet\OneDrive\Documents\SingaporePoly\FYP\CodeQL-home\javascript\tools\data\externs\nodejs\assert_legacy.js
[2021-05-28 19:15:28] [build] Done extracting C:\Users\davet\OneDrive\Documents\SingaporePoly\FYP\CodeQL-home\javascript\tools\data\externs\nodejs\assert_legacy.js (18 ms)
[2021-05-28 19:15:28] [build] Extracting C:\Users\davet\OneDrive\Documents\SingaporePoly\FYP\CodeQL-home\javascript\tools\data\externs\nodejs\buffer.js
[2021-05-28 19:15:28] [build] Done extracting C:\Users\davet\OneDrive\Documents\SingaporePoly\FYP\CodeQL-home\javascript\tools\data\externs\nodejs\buffer.js (48 ms)
[2021-05-28 19:15:28] [build] Extracting C:\Users\davet\OneDrive\Documents\SingaporePoly\FYP\CodeQL-home\javascript\tools\data\externs\nodejs\child_process.js
[2021-05-28 19:15:28] [build] Done extracting C:\Users\davet\OneDrive\Documents\SingaporePoly\FYP\CodeQL-home\javascript\tools\data\externs\nodejs\child_process.js (219 ms)
[2021-05-28 19:15:28] [build] Extracting C:\Users\davet\OneDrive\Documents\SingaporePoly\FYP\CodeQL-home\javascript\tools\data\externs\nodejs\cluster.js
[2021-05-28 19:15:29] [build] Done extracting C:\Users\davet\OneDrive\Documents\SingaporePoly\FYP\CodeQL-home\javascript\tools\data\externs\nodejs\cluster.js (219 ms)
[2021-05-28 19:15:29] [build] Extracting C:\Users\davet\OneDrive\Documents\SingaporePoly\FYP\CodeQL-home\javascript\tools\data\externs\nodejs\console.js
[2021-05-28 19:15:29] [build] Done extracting C:\Users\davet\OneDrive\Documents\SingaporePoly\FYP\CodeQL-home\javascript\tools\data\externs\nodejs\console.js (11 ms)
[2021-05-28 19:15:29] [build] Extracting C:\Users\davet\OneDrive\Documents\SingaporePoly\FYP\CodeQL-home\javascript\tools\data\externs\nodejs\constants.js
[2021-05-28 19:15:29] [build] Done extracting C:\Users\davet\OneDrive\Documents\SingaporePoly\FYP\CodeQL-home\javascript\tools\data\externs\nodejs\constants.js (279 ms)
[2021-05-28 19:15:29] [build] Extracting C:\Users\davet\OneDrive\Documents\SingaporePoly\FYP\CodeQL-home\javascript\tools\data\externs\nodejs\crypto.js
[2021-05-28 19:15:29] [build] Done extracting C:\Users\davet\OneDrive\Documents\SingaporePoly\FYP\CodeQL-home\javascript\tools\data\externs\nodejs\crypto.js (190 ms)
[2021-05-28 19:15:29] [build] Extracting C:\Users\davet\OneDrive\Documents\SingaporePoly\FYP\CodeQL-home\javascript\tools\data\externs\nodejs\dgram.js
[2021-05-28 19:15:29] [build] Done extracting C:\Users\davet\OneDrive\Documents\SingaporePoly\FYP\CodeQL-home\javascript\tools\data\externs\nodejs\dgram.js (46 ms)
[2021-05-28 19:15:29] [build] Extracting C:\Users\davet\OneDrive\Documents\SingaporePoly\FYP\CodeQL-home\javascript\tools\data\externs\nodejs\dns.js
[2021-05-28 19:15:29] [build] Done extracting C:\Users\davet\OneDrive\Documents\SingaporePoly\FYP\CodeQL-home\javascript\tools\data\externs\nodejs\dns.js (45 ms)
[2021-05-28 19:15:29] [build] Extracting C:\Users\davet\OneDrive\Documents\SingaporePoly\FYP\CodeQL-home\javascript\tools\data\externs\nodejs\domain.js
[2021-05-28 19:15:29] [build] Done extracting C:\Users\davet\OneDrive\Documents\SingaporePoly\FYP\CodeQL-home\javascript\tools\data\externs\nodejs\domain.js (20 ms)
[2021-05-28 19:15:29] [build] Extracting C:\Users\davet\OneDrive\Documents\SingaporePoly\FYP\CodeQL-home\javascript\tools\data\externs\nodejs\events.js
[2021-05-28 19:15:29] [build] Done extracting C:\Users\davet\OneDrive\Documents\SingaporePoly\FYP\CodeQL-home\javascript\tools\data\externs\nodejs\events.js (20 ms)
[2021-05-28 19:15:29] [build] Extracting C:\Users\davet\OneDrive\Documents\SingaporePoly\FYP\CodeQL-home\javascript\tools\data\externs\nodejs\fs.js
[2021-05-28 19:15:30] [build] Done extracting C:\Users\davet\OneDrive\Documents\SingaporePoly\FYP\CodeQL-home\javascript\tools\data\externs\nodejs\fs.js (321 ms)
[2021-05-28 19:15:30] [build] Extracting C:\Users\davet\OneDrive\Documents\SingaporePoly\FYP\CodeQL-home\javascript\tools\data\externs\nodejs\globals.js
[2021-05-28 19:15:30] [build] Done extracting C:\Users\davet\OneDrive\Documents\SingaporePoly\FYP\CodeQL-home\javascript\tools\data\externs\nodejs\globals.js (393 ms)
[2021-05-28 19:15:30] [build] Extracting C:\Users\davet\OneDrive\Documents\SingaporePoly\FYP\CodeQL-home\javascript\tools\data\externs\nodejs\http.js
[2021-05-28 19:15:30] [build] Done extracting C:\Users\davet\OneDrive\Documents\SingaporePoly\FYP\CodeQL-home\javascript\tools\data\externs\nodejs\http.js (106 ms)
[2021-05-28 19:15:30] [build] Extracting C:\Users\davet\OneDrive\Documents\SingaporePoly\FYP\CodeQL-home\javascript\tools\data\externs\nodejs\https.js
[2021-05-28 19:15:30] [build] Done extracting C:\Users\davet\OneDrive\Documents\SingaporePoly\FYP\CodeQL-home\javascript\tools\data\externs\nodejs\https.js (42 ms)
[2021-05-28 19:15:30] [build] Extracting C:\Users\davet\OneDrive\Documents\SingaporePoly\FYP\CodeQL-home\javascript\tools\data\externs\nodejs\module.js
[2021-05-28 19:15:30] [build] Done extracting C:\Users\davet\OneDrive\Documents\SingaporePoly\FYP\CodeQL-home\javascript\tools\data\externs\nodejs\module.js (13 ms)
[2021-05-28 19:15:30] [build] Extracting C:\Users\davet\OneDrive\Documents\SingaporePoly\FYP\CodeQL-home\javascript\tools\data\externs\nodejs\net.js
[2021-05-28 19:15:30] [build] Done extracting C:\Users\davet\OneDrive\Documents\SingaporePoly\FYP\CodeQL-home\javascript\tools\data\externs\nodejs\net.js (75 ms)
[2021-05-28 19:15:30] [build] Extracting C:\Users\davet\OneDrive\Documents\SingaporePoly\FYP\CodeQL-home\javascript\tools\data\externs\nodejs\os.js
[2021-05-28 19:15:30] [build] Done extracting C:\Users\davet\OneDrive\Documents\SingaporePoly\FYP\CodeQL-home\javascript\tools\data\externs\nodejs\os.js (40 ms)
[2021-05-28 19:15:30] [build] Extracting C:\Users\davet\OneDrive\Documents\SingaporePoly\FYP\CodeQL-home\javascript\tools\data\externs\nodejs\path.js
[2021-05-28 19:15:30] [build] Done extracting C:\Users\davet\OneDrive\Documents\SingaporePoly\FYP\CodeQL-home\javascript\tools\data\externs\nodejs\path.js (58 ms)
[2021-05-28 19:15:30] [build] Extracting C:\Users\davet\OneDrive\Documents\SingaporePoly\FYP\CodeQL-home\javascript\tools\data\externs\nodejs\process.js
[2021-05-28 19:15:30] [build] Done extracting C:\Users\davet\OneDrive\Documents\SingaporePoly\FYP\CodeQL-home\javascript\tools\data\externs\nodejs\process.js (11 ms)
[2021-05-28 19:15:30] [build] Extracting C:\Users\davet\OneDrive\Documents\SingaporePoly\FYP\CodeQL-home\javascript\tools\data\externs\nodejs\punycode.js
[2021-05-28 19:15:30] [build] Done extracting C:\Users\davet\OneDrive\Documents\SingaporePoly\FYP\CodeQL-home\javascript\tools\data\externs\nodejs\punycode.js (22 ms)
[2021-05-28 19:15:30] [build] Extracting C:\Users\davet\OneDrive\Documents\SingaporePoly\FYP\CodeQL-home\javascript\tools\data\externs\nodejs\querystring.js
[2021-05-28 19:15:30] [build] Done extracting C:\Users\davet\OneDrive\Documents\SingaporePoly\FYP\CodeQL-home\javascript\tools\data\externs\nodejs\querystring.js (18 ms)
[2021-05-28 19:15:30] [build] Extracting C:\Users\davet\OneDrive\Documents\SingaporePoly\FYP\CodeQL-home\javascript\tools\data\externs\nodejs\readline.js
[2021-05-28 19:15:30] [build] Done extracting C:\Users\davet\OneDrive\Documents\SingaporePoly\FYP\CodeQL-home\javascript\tools\data\externs\nodejs\readline.js (44 ms)
[2021-05-28 19:15:30] [build] Extracting C:\Users\davet\OneDrive\Documents\SingaporePoly\FYP\CodeQL-home\javascript\tools\data\externs\nodejs\repl.js
[2021-05-28 19:15:30] [build] Done extracting C:\Users\davet\OneDrive\Documents\SingaporePoly\FYP\CodeQL-home\javascript\tools\data\externs\nodejs\repl.js (22 ms)
[2021-05-28 19:15:30] [build] Extracting C:\Users\davet\OneDrive\Documents\SingaporePoly\FYP\CodeQL-home\javascript\tools\data\externs\nodejs\stream.js
[2021-05-28 19:15:30] [build] Done extracting C:\Users\davet\OneDrive\Documents\SingaporePoly\FYP\CodeQL-home\javascript\tools\data\externs\nodejs\stream.js (141 ms)
[2021-05-28 19:15:30] [build] Extracting C:\Users\davet\OneDrive\Documents\SingaporePoly\FYP\CodeQL-home\javascript\tools\data\externs\nodejs\string_decoder.js
[2021-05-28 19:15:31] [build] Done extracting C:\Users\davet\OneDrive\Documents\SingaporePoly\FYP\CodeQL-home\javascript\tools\data\externs\nodejs\string_decoder.js (18 ms)
[2021-05-28 19:15:31] [build] Extracting C:\Users\davet\OneDrive\Documents\SingaporePoly\FYP\CodeQL-home\javascript\tools\data\externs\nodejs\sys.js
[2021-05-28 19:15:31] [build] Done extracting C:\Users\davet\OneDrive\Documents\SingaporePoly\FYP\CodeQL-home\javascript\tools\data\externs\nodejs\sys.js (10 ms)
[2021-05-28 19:15:31] [build] Extracting C:\Users\davet\OneDrive\Documents\SingaporePoly\FYP\CodeQL-home\javascript\tools\data\externs\nodejs\timers.js
[2021-05-28 19:15:31] [build] Done extracting C:\Users\davet\OneDrive\Documents\SingaporePoly\FYP\CodeQL-home\javascript\tools\data\externs\nodejs\timers.js (24 ms)
[2021-05-28 19:15:31] [build] Extracting C:\Users\davet\OneDrive\Documents\SingaporePoly\FYP\CodeQL-home\javascript\tools\data\externs\nodejs\tls.js
[2021-05-28 19:15:31] [build] Done extracting C:\Users\davet\OneDrive\Documents\SingaporePoly\FYP\CodeQL-home\javascript\tools\data\externs\nodejs\tls.js (93 ms)
[2021-05-28 19:15:31] [build] Extracting C:\Users\davet\OneDrive\Documents\SingaporePoly\FYP\CodeQL-home\javascript\tools\data\externs\nodejs\tty.js
[2021-05-28 19:15:31] [build] Done extracting C:\Users\davet\OneDrive\Documents\SingaporePoly\FYP\CodeQL-home\javascript\tools\data\externs\nodejs\tty.js (20 ms)
[2021-05-28 19:15:31] [build] Extracting C:\Users\davet\OneDrive\Documents\SingaporePoly\FYP\CodeQL-home\javascript\tools\data\externs\nodejs\url.js
[2021-05-28 19:15:31] [build] Done extracting C:\Users\davet\OneDrive\Documents\SingaporePoly\FYP\CodeQL-home\javascript\tools\data\externs\nodejs\url.js (15 ms)
[2021-05-28 19:15:31] [build] Extracting C:\Users\davet\OneDrive\Documents\SingaporePoly\FYP\CodeQL-home\javascript\tools\data\externs\nodejs\util.js
[2021-05-28 19:15:31] [build] Done extracting C:\Users\davet\OneDrive\Documents\SingaporePoly\FYP\CodeQL-home\javascript\tools\data\externs\nodejs\util.js (49 ms)
[2021-05-28 19:15:31] [build] Extracting C:\Users\davet\OneDrive\Documents\SingaporePoly\FYP\CodeQL-home\javascript\tools\data\externs\nodejs\v8.js
[2021-05-28 19:15:31] [build] Done extracting C:\Users\davet\OneDrive\Documents\SingaporePoly\FYP\CodeQL-home\javascript\tools\data\externs\nodejs\v8.js (12 ms)
[2021-05-28 19:15:31] [build] Extracting C:\Users\davet\OneDrive\Documents\SingaporePoly\FYP\CodeQL-home\javascript\tools\data\externs\nodejs\vm.js
[2021-05-28 19:15:31] [build] Done extracting C:\Users\davet\OneDrive\Documents\SingaporePoly\FYP\CodeQL-home\javascript\tools\data\externs\nodejs\vm.js (28 ms)
[2021-05-28 19:15:31] [build] Extracting C:\Users\davet\OneDrive\Documents\SingaporePoly\FYP\CodeQL-home\javascript\tools\data\externs\nodejs\zlib.js
[2021-05-28 19:15:31] [build] Done extracting C:\Users\davet\OneDrive\Documents\SingaporePoly\FYP\CodeQL-home\javascript\tools\data\externs\nodejs\zlib.js (77 ms)
[2021-05-28 19:15:31] [build] Extracting C:\Users\davet\OneDrive\Documents\SingaporePoly\FYP\CodeQL-home\javascript\tools\data\externs\vm\jsshell.js
[2021-05-28 19:15:31] [build] Done extracting C:\Users\davet\OneDrive\Documents\SingaporePoly\FYP\CodeQL-home\javascript\tools\data\externs\vm\jsshell.js (106 ms)
[2021-05-28 19:15:31] [build] Extracting C:\Users\davet\OneDrive\Documents\SingaporePoly\FYP\CodeQL-home\javascript\tools\data\externs\vm\rhino.js
[2021-05-28 19:15:31] [build] Done extracting C:\Users\davet\OneDrive\Documents\SingaporePoly\FYP\CodeQL-home\javascript\tools\data\externs\vm\rhino.js (18 ms)
[2021-05-28 19:15:31] [build] Extracting C:\Users\davet\OneDrive\Documents\SingaporePoly\FYP\CodeQL-home\javascript\tools\data\externs\vm\spidermonkey.js
[2021-05-28 19:15:31] [build] Done extracting C:\Users\davet\OneDrive\Documents\SingaporePoly\FYP\CodeQL-home\javascript\tools\data\externs\vm\spidermonkey.js (8 ms)
[2021-05-28 19:15:31] [build] Extracting C:\Users\davet\OneDrive\Documents\SingaporePoly\FYP\CodeQL-home\javascript\tools\data\externs\vm\v8.js
[2021-05-28 19:15:31] [build] Done extracting C:\Users\davet\OneDrive\Documents\SingaporePoly\FYP\CodeQL-home\javascript\tools\data\externs\vm\v8.js (22 ms)
[2021-05-28 19:15:31] [build] Extracting C:\Users\davet\OneDrive\Documents\SingaporePoly\FYP\CodeQL-home\javascript\tools\data\externs\web\chrome.js
[2021-05-28 19:15:31] [build] Done extracting C:\Users\davet\OneDrive\Documents\SingaporePoly\FYP\CodeQL-home\javascript\tools\data\externs\web\chrome.js (195 ms)
[2021-05-28 19:15:31] [build] Extracting C:\Users\davet\OneDrive\Documents\SingaporePoly\FYP\CodeQL-home\javascript\tools\data\externs\web\fetchapi.js
[2021-05-28 19:15:31] [build] Done extracting C:\Users\davet\OneDrive\Documents\SingaporePoly\FYP\CodeQL-home\javascript\tools\data\externs\web\fetchapi.js (65 ms)
[2021-05-28 19:15:31] [build] Extracting C:\Users\davet\OneDrive\Documents\SingaporePoly\FYP\CodeQL-home\javascript\tools\data\externs\web\fileapi.js
[2021-05-28 19:15:31] [build] Done extracting C:\Users\davet\OneDrive\Documents\SingaporePoly\FYP\CodeQL-home\javascript\tools\data\externs\web\fileapi.js (147 ms)
[2021-05-28 19:15:31] [build] Extracting C:\Users\davet\OneDrive\Documents\SingaporePoly\FYP\CodeQL-home\javascript\tools\data\externs\web\flash.js
[2021-05-28 19:15:32] [build] Done extracting C:\Users\davet\OneDrive\Documents\SingaporePoly\FYP\CodeQL-home\javascript\tools\data\externs\web\flash.js (96 ms)
[2021-05-28 19:15:32] [build] Extracting C:\Users\davet\OneDrive\Documents\SingaporePoly\FYP\CodeQL-home\javascript\tools\data\externs\web\gecko_css.js
[2021-05-28 19:15:32] [build] Done extracting C:\Users\davet\OneDrive\Documents\SingaporePoly\FYP\CodeQL-home\javascript\tools\data\externs\web\gecko_css.js (47 ms)
[2021-05-28 19:15:32] [build] Extracting C:\Users\davet\OneDrive\Documents\SingaporePoly\FYP\CodeQL-home\javascript\tools\data\externs\web\gecko_dom.js
[2021-05-28 19:15:32] [build] Done extracting C:\Users\davet\OneDrive\Documents\SingaporePoly\FYP\CodeQL-home\javascript\tools\data\externs\web\gecko_dom.js (119 ms)
[2021-05-28 19:15:32] [build] Extracting C:\Users\davet\OneDrive\Documents\SingaporePoly\FYP\CodeQL-home\javascript\tools\data\externs\web\gecko_event.js
[2021-05-28 19:15:32] [build] Done extracting C:\Users\davet\OneDrive\Documents\SingaporePoly\FYP\CodeQL-home\javascript\tools\data\externs\web\gecko_event.js (19 ms)
[2021-05-28 19:15:32] [build] Extracting C:\Users\davet\OneDrive\Documents\SingaporePoly\FYP\CodeQL-home\javascript\tools\data\externs\web\gecko_ext.js
[2021-05-28 19:15:32] [build] Done extracting C:\Users\davet\OneDrive\Documents\SingaporePoly\FYP\CodeQL-home\javascript\tools\data\externs\web\gecko_ext.js (6 ms)
[2021-05-28 19:15:32] [build] Extracting C:\Users\davet\OneDrive\Documents\SingaporePoly\FYP\CodeQL-home\javascript\tools\data\externs\web\gecko_xml.js
[2021-05-28 19:15:32] [build] Done extracting C:\Users\davet\OneDrive\Documents\SingaporePoly\FYP\CodeQL-home\javascript\tools\data\externs\web\gecko_xml.js (15 ms)
[2021-05-28 19:15:32] [build] Extracting C:\Users\davet\OneDrive\Documents\SingaporePoly\FYP\CodeQL-home\javascript\tools\data\externs\web\html5.js
[2021-05-28 19:15:32] [build] Done extracting C:\Users\davet\OneDrive\Documents\SingaporePoly\FYP\CodeQL-home\javascript\tools\data\externs\web\html5.js (551 ms)
[2021-05-28 19:15:32] [build] Extracting C:\Users\davet\OneDrive\Documents\SingaporePoly\FYP\CodeQL-home\javascript\tools\data\externs\web\ie_css.js
[2021-05-28 19:15:32] [build] Done extracting C:\Users\davet\OneDrive\Documents\SingaporePoly\FYP\CodeQL-home\javascript\tools\data\externs\web\ie_css.js (35 ms)
[2021-05-28 19:15:32] [build] Extracting C:\Users\davet\OneDrive\Documents\SingaporePoly\FYP\CodeQL-home\javascript\tools\data\externs\web\ie_dom.js
[2021-05-28 19:15:32] [build] Done extracting C:\Users\davet\OneDrive\Documents\SingaporePoly\FYP\CodeQL-home\javascript\tools\data\externs\web\ie_dom.js (135 ms)
[2021-05-28 19:15:32] [build] Extracting C:\Users\davet\OneDrive\Documents\SingaporePoly\FYP\CodeQL-home\javascript\tools\data\externs\web\ie_event.js
[2021-05-28 19:15:32] [build] Done extracting C:\Users\davet\OneDrive\Documents\SingaporePoly\FYP\CodeQL-home\javascript\tools\data\externs\web\ie_event.js (29 ms)
[2021-05-28 19:15:32] [build] Extracting C:\Users\davet\OneDrive\Documents\SingaporePoly\FYP\CodeQL-home\javascript\tools\data\externs\web\ie_vml.js
[2021-05-28 19:15:32] [build] Done extracting C:\Users\davet\OneDrive\Documents\SingaporePoly\FYP\CodeQL-home\javascript\tools\data\externs\web\ie_vml.js (8 ms)
[2021-05-28 19:15:32] [build] Extracting C:\Users\davet\OneDrive\Documents\SingaporePoly\FYP\CodeQL-home\javascript\tools\data\externs\web\intl.js
[2021-05-28 19:15:33] [build] Done extracting C:\Users\davet\OneDrive\Documents\SingaporePoly\FYP\CodeQL-home\javascript\tools\data\externs\web\intl.js (22 ms)
[2021-05-28 19:15:33] [build] Extracting C:\Users\davet\OneDrive\Documents\SingaporePoly\FYP\CodeQL-home\javascript\tools\data\externs\web\iphone.js
[2021-05-28 19:15:33] [build] Done extracting C:\Users\davet\OneDrive\Documents\SingaporePoly\FYP\CodeQL-home\javascript\tools\data\externs\web\iphone.js (18 ms)
[2021-05-28 19:15:33] [build] Extracting C:\Users\davet\OneDrive\Documents\SingaporePoly\FYP\CodeQL-home\javascript\tools\data\externs\web\mediasource.js
[2021-05-28 19:15:33] [build] Done extracting C:\Users\davet\OneDrive\Documents\SingaporePoly\FYP\CodeQL-home\javascript\tools\data\externs\web\mediasource.js (21 ms)
[2021-05-28 19:15:33] [build] Extracting C:\Users\davet\OneDrive\Documents\SingaporePoly\FYP\CodeQL-home\javascript\tools\data\externs\web\page_visibility.js
[2021-05-28 19:15:33] [build] Done extracting C:\Users\davet\OneDrive\Documents\SingaporePoly\FYP\CodeQL-home\javascript\tools\data\externs\web\page_visibility.js (6 ms)
[2021-05-28 19:15:33] [build] Extracting C:\Users\davet\OneDrive\Documents\SingaporePoly\FYP\CodeQL-home\javascript\tools\data\externs\web\streamsapi.js
[2021-05-28 19:15:33] [build] Done extracting C:\Users\davet\OneDrive\Documents\SingaporePoly\FYP\CodeQL-home\javascript\tools\data\externs\web\streamsapi.js (66 ms)
[2021-05-28 19:15:33] [build] Extracting C:\Users\davet\OneDrive\Documents\SingaporePoly\FYP\CodeQL-home\javascript\tools\data\externs\web\url.js
[2021-05-28 19:15:33] [build] Done extracting C:\Users\davet\OneDrive\Documents\SingaporePoly\FYP\CodeQL-home\javascript\tools\data\externs\web\url.js (25 ms)
[2021-05-28 19:15:33] [build] Extracting C:\Users\davet\OneDrive\Documents\SingaporePoly\FYP\CodeQL-home\javascript\tools\data\externs\web\w3c_anim_timing.js
[2021-05-28 19:15:33] [build] Done extracting C:\Users\davet\OneDrive\Documents\SingaporePoly\FYP\CodeQL-home\javascript\tools\data\externs\web\w3c_anim_timing.js (13 ms)
[2021-05-28 19:15:33] [build] Extracting C:\Users\davet\OneDrive\Documents\SingaporePoly\FYP\CodeQL-home\javascript\tools\data\externs\web\w3c_batterystatus.js
[2021-05-28 19:15:33] [build] Done extracting C:\Users\davet\OneDrive\Documents\SingaporePoly\FYP\CodeQL-home\javascript\tools\data\externs\web\w3c_batterystatus.js (7 ms)
[2021-05-28 19:15:33] [build] Extracting C:\Users\davet\OneDrive\Documents\SingaporePoly\FYP\CodeQL-home\javascript\tools\data\externs\web\w3c_css.js
[2021-05-28 19:15:33] [build] Done extracting C:\Users\davet\OneDrive\Documents\SingaporePoly\FYP\CodeQL-home\javascript\tools\data\externs\web\w3c_css.js (219 ms)
[2021-05-28 19:15:33] [build] Extracting C:\Users\davet\OneDrive\Documents\SingaporePoly\FYP\CodeQL-home\javascript\tools\data\externs\web\w3c_css3d.js
[2021-05-28 19:15:33] [build] Done extracting C:\Users\davet\OneDrive\Documents\SingaporePoly\FYP\CodeQL-home\javascript\tools\data\externs\web\w3c_css3d.js (23 ms)
[2021-05-28 19:15:33] [build] Extracting C:\Users\davet\OneDrive\Documents\SingaporePoly\FYP\CodeQL-home\javascript\tools\data\externs\web\w3c_device_sensor_event.js
[2021-05-28 19:15:33] [build] Done extracting C:\Users\davet\OneDrive\Documents\SingaporePoly\FYP\CodeQL-home\javascript\tools\data\externs\web\w3c_device_sensor_event.js (18 ms)
[2021-05-28 19:15:33] [build] Extracting C:\Users\davet\OneDrive\Documents\SingaporePoly\FYP\CodeQL-home\javascript\tools\data\externs\web\w3c_dom1.js
[2021-05-28 19:15:33] [build] Done extracting C:\Users\davet\OneDrive\Documents\SingaporePoly\FYP\CodeQL-home\javascript\tools\data\externs\web\w3c_dom1.js (131 ms)
[2021-05-28 19:15:33] [build] Extracting C:\Users\davet\OneDrive\Documents\SingaporePoly\FYP\CodeQL-home\javascript\tools\data\externs\web\w3c_dom2.js
[2021-05-28 19:15:33] [build] Done extracting C:\Users\davet\OneDrive\Documents\SingaporePoly\FYP\CodeQL-home\javascript\tools\data\externs\web\w3c_dom2.js (267 ms)
[2021-05-28 19:15:33] [build] Extracting C:\Users\davet\OneDrive\Documents\SingaporePoly\FYP\CodeQL-home\javascript\tools\data\externs\web\w3c_dom3.js
[2021-05-28 19:15:33] [build] Done extracting C:\Users\davet\OneDrive\Documents\SingaporePoly\FYP\CodeQL-home\javascript\tools\data\externs\web\w3c_dom3.js (86 ms)
[2021-05-28 19:15:33] [build] Extracting C:\Users\davet\OneDrive\Documents\SingaporePoly\FYP\CodeQL-home\javascript\tools\data\externs\web\w3c_dom4.js
[2021-05-28 19:15:33] [build] Done extracting C:\Users\davet\OneDrive\Documents\SingaporePoly\FYP\CodeQL-home\javascript\tools\data\externs\web\w3c_dom4.js (10 ms)
[2021-05-28 19:15:33] [build] Extracting C:\Users\davet\OneDrive\Documents\SingaporePoly\FYP\CodeQL-home\javascript\tools\data\externs\web\w3c_elementtraversal.js
[2021-05-28 19:15:33] [build] Done extracting C:\Users\davet\OneDrive\Documents\SingaporePoly\FYP\CodeQL-home\javascript\tools\data\externs\web\w3c_elementtraversal.js (15 ms)
[2021-05-28 19:15:33] [build] Extracting C:\Users\davet\OneDrive\Documents\SingaporePoly\FYP\CodeQL-home\javascript\tools\data\externs\web\w3c_encoding.js
[2021-05-28 19:15:33] [build] Done extracting C:\Users\davet\OneDrive\Documents\SingaporePoly\FYP\CodeQL-home\javascript\tools\data\externs\web\w3c_encoding.js (12 ms)
[2021-05-28 19:15:33] [build] Extracting C:\Users\davet\OneDrive\Documents\SingaporePoly\FYP\CodeQL-home\javascript\tools\data\externs\web\w3c_event.js
[2021-05-28 19:15:34] [build] Done extracting C:\Users\davet\OneDrive\Documents\SingaporePoly\FYP\CodeQL-home\javascript\tools\data\externs\web\w3c_event.js (77 ms)
[2021-05-28 19:15:34] [build] Extracting C:\Users\davet\OneDrive\Documents\SingaporePoly\FYP\CodeQL-home\javascript\tools\data\externs\web\w3c_event3.js
[2021-05-28 19:15:34] [build] Done extracting C:\Users\davet\OneDrive\Documents\SingaporePoly\FYP\CodeQL-home\javascript\tools\data\externs\web\w3c_event3.js (12 ms)
[2021-05-28 19:15:34] [build] Extracting C:\Users\davet\OneDrive\Documents\SingaporePoly\FYP\CodeQL-home\javascript\tools\data\externs\web\w3c_gamepad.js
[2021-05-28 19:15:34] [build] Done extracting C:\Users\davet\OneDrive\Documents\SingaporePoly\FYP\CodeQL-home\javascript\tools\data\externs\web\w3c_gamepad.js (11 ms)
[2021-05-28 19:15:34] [build] Extracting C:\Users\davet\OneDrive\Documents\SingaporePoly\FYP\CodeQL-home\javascript\tools\data\externs\web\w3c_geolocation.js
[2021-05-28 19:15:34] [build] Done extracting C:\Users\davet\OneDrive\Documents\SingaporePoly\FYP\CodeQL-home\javascript\tools\data\externs\web\w3c_geolocation.js (16 ms)
[2021-05-28 19:15:34] [build] Extracting C:\Users\davet\OneDrive\Documents\SingaporePoly\FYP\CodeQL-home\javascript\tools\data\externs\web\w3c_indexeddb.js
[2021-05-28 19:15:34] [build] Done extracting C:\Users\davet\OneDrive\Documents\SingaporePoly\FYP\CodeQL-home\javascript\tools\data\externs\web\w3c_indexeddb.js (90 ms)
[2021-05-28 19:15:34] [build] Extracting C:\Users\davet\OneDrive\Documents\SingaporePoly\FYP\CodeQL-home\javascript\tools\data\externs\web\w3c_midi.js
[2021-05-28 19:15:34] [build] Done extracting C:\Users\davet\OneDrive\Documents\SingaporePoly\FYP\CodeQL-home\javascript\tools\data\externs\web\w3c_midi.js (29 ms)
[2021-05-28 19:15:34] [build] Extracting C:\Users\davet\OneDrive\Documents\SingaporePoly\FYP\CodeQL-home\javascript\tools\data\externs\web\w3c_navigation_timing.js
[2021-05-28 19:15:34] [build] Done extracting C:\Users\davet\OneDrive\Documents\SingaporePoly\FYP\CodeQL-home\javascript\tools\data\externs\web\w3c_navigation_timing.js (32 ms)
[2021-05-28 19:15:34] [build] Extracting C:\Users\davet\OneDrive\Documents\SingaporePoly\FYP\CodeQL-home\javascript\tools\data\externs\web\w3c_permissions.js
[2021-05-28 19:15:34] [build] Done extracting C:\Users\davet\OneDrive\Documents\SingaporePoly\FYP\CodeQL-home\javascript\tools\data\externs\web\w3c_permissions.js (12 ms)
[2021-05-28 19:15:34] [build] Extracting C:\Users\davet\OneDrive\Documents\SingaporePoly\FYP\CodeQL-home\javascript\tools\data\externs\web\w3c_pointer_events.js
[2021-05-28 19:15:34] [build] Done extracting C:\Users\davet\OneDrive\Documents\SingaporePoly\FYP\CodeQL-home\javascript\tools\data\externs\web\w3c_pointer_events.js (13 ms)
[2021-05-28 19:15:34] [build] Extracting C:\Users\davet\OneDrive\Documents\SingaporePoly\FYP\CodeQL-home\javascript\tools\data\externs\web\w3c_range.js
[2021-05-28 19:15:34] [build] Done extracting C:\Users\davet\OneDrive\Documents\SingaporePoly\FYP\CodeQL-home\javascript\tools\data\externs\web\w3c_range.js (26 ms)
[2021-05-28 19:15:34] [build] Extracting C:\Users\davet\OneDrive\Documents\SingaporePoly\FYP\CodeQL-home\javascript\tools\data\externs\web\w3c_requestidlecallback.js
[2021-05-28 19:15:34] [build] Done extracting C:\Users\davet\OneDrive\Documents\SingaporePoly\FYP\CodeQL-home\javascript\tools\data\externs\web\w3c_requestidlecallback.js (8 ms)
[2021-05-28 19:15:34] [build] Extracting C:\Users\davet\OneDrive\Documents\SingaporePoly\FYP\CodeQL-home\javascript\tools\data\externs\web\w3c_rtc.js
[2021-05-28 19:15:34] [build] Done extracting C:\Users\davet\OneDrive\Documents\SingaporePoly\FYP\CodeQL-home\javascript\tools\data\externs\web\w3c_rtc.js (221 ms)
[2021-05-28 19:15:34] [build] Extracting C:\Users\davet\OneDrive\Documents\SingaporePoly\FYP\CodeQL-home\javascript\tools\data\externs\web\w3c_screen_orientation.js
[2021-05-28 19:15:34] [build] Done extracting C:\Users\davet\OneDrive\Documents\SingaporePoly\FYP\CodeQL-home\javascript\tools\data\externs\web\w3c_screen_orientation.js (8 ms)
[2021-05-28 19:15:34] [build] Extracting C:\Users\davet\OneDrive\Documents\SingaporePoly\FYP\CodeQL-home\javascript\tools\data\externs\web\w3c_selectors.js
[2021-05-28 19:15:34] [build] Done extracting C:\Users\davet\OneDrive\Documents\SingaporePoly\FYP\CodeQL-home\javascript\tools\data\externs\web\w3c_selectors.js (20 ms)
[2021-05-28 19:15:34] [build] Extracting C:\Users\davet\OneDrive\Documents\SingaporePoly\FYP\CodeQL-home\javascript\tools\data\externs\web\w3c_serviceworker.js
[2021-05-28 19:15:34] [build] Done extracting C:\Users\davet\OneDrive\Documents\SingaporePoly\FYP\CodeQL-home\javascript\tools\data\externs\web\w3c_serviceworker.js (85 ms)
[2021-05-28 19:15:34] [build] Extracting C:\Users\davet\OneDrive\Documents\SingaporePoly\FYP\CodeQL-home\javascript\tools\data\externs\web\w3c_touch_event.js
[2021-05-28 19:15:34] [build] Done extracting C:\Users\davet\OneDrive\Documents\SingaporePoly\FYP\CodeQL-home\javascript\tools\data\externs\web\w3c_touch_event.js (26 ms)
[2021-05-28 19:15:34] [build] Extracting C:\Users\davet\OneDrive\Documents\SingaporePoly\FYP\CodeQL-home\javascript\tools\data\externs\web\w3c_webcrypto.js
[2021-05-28 19:15:34] [build] Done extracting C:\Users\davet\OneDrive\Documents\SingaporePoly\FYP\CodeQL-home\javascript\tools\data\externs\web\w3c_webcrypto.js (39 ms)
[2021-05-28 19:15:34] [build] Extracting C:\Users\davet\OneDrive\Documents\SingaporePoly\FYP\CodeQL-home\javascript\tools\data\externs\web\w3c_xml.js
[2021-05-28 19:15:34] [build] Done extracting C:\Users\davet\OneDrive\Documents\SingaporePoly\FYP\CodeQL-home\javascript\tools\data\externs\web\w3c_xml.js (40 ms)
[2021-05-28 19:15:34] [build] Extracting C:\Users\davet\OneDrive\Documents\SingaporePoly\FYP\CodeQL-home\javascript\tools\data\externs\web\webgl.js
[2021-05-28 19:15:35] [build] Done extracting C:\Users\davet\OneDrive\Documents\SingaporePoly\FYP\CodeQL-home\javascript\tools\data\externs\web\webgl.js (355 ms)
[2021-05-28 19:15:35] [build] Extracting C:\Users\davet\OneDrive\Documents\SingaporePoly\FYP\CodeQL-home\javascript\tools\data\externs\web\webkit_css.js
[2021-05-28 19:15:35] [build] Done extracting C:\Users\davet\OneDrive\Documents\SingaporePoly\FYP\CodeQL-home\javascript\tools\data\externs\web\webkit_css.js (149 ms)
[2021-05-28 19:15:35] [build] Extracting C:\Users\davet\OneDrive\Documents\SingaporePoly\FYP\CodeQL-home\javascript\tools\data\externs\web\webkit_dom.js
[2021-05-28 19:15:35] [build] Done extracting C:\Users\davet\OneDrive\Documents\SingaporePoly\FYP\CodeQL-home\javascript\tools\data\externs\web\webkit_dom.js (33 ms)
[2021-05-28 19:15:35] [build] Extracting C:\Users\davet\OneDrive\Documents\SingaporePoly\FYP\CodeQL-home\javascript\tools\data\externs\web\webkit_event.js
[2021-05-28 19:15:35] [build] Done extracting C:\Users\davet\OneDrive\Documents\SingaporePoly\FYP\CodeQL-home\javascript\tools\data\externs\web\webkit_event.js (5 ms)
[2021-05-28 19:15:35] [build] Extracting C:\Users\davet\OneDrive\Documents\SingaporePoly\FYP\CodeQL-home\javascript\tools\data\externs\web\webkit_notifications.js
[2021-05-28 19:15:35] [build] Done extracting C:\Users\davet\OneDrive\Documents\SingaporePoly\FYP\CodeQL-home\javascript\tools\data\externs\web\webkit_notifications.js (23 ms)
[2021-05-28 19:15:35] [build] Extracting C:\Users\davet\OneDrive\Documents\SingaporePoly\FYP\CodeQL-home\javascript\tools\data\externs\web\webkit_usercontent.js
[2021-05-28 19:15:35] [build] Done extracting C:\Users\davet\OneDrive\Documents\SingaporePoly\FYP\CodeQL-home\javascript\tools\data\externs\web\webkit_usercontent.js (7 ms)
[2021-05-28 19:15:35] [build] Extracting C:\Users\davet\OneDrive\Documents\SingaporePoly\FYP\CodeQL-home\javascript\tools\data\externs\web\webstorage.js
[2021-05-28 19:15:35] [build] Done extracting C:\Users\davet\OneDrive\Documents\SingaporePoly\FYP\CodeQL-home\javascript\tools\data\externs\web\webstorage.js (18 ms)
[2021-05-28 19:15:35] [build] Extracting C:\Users\davet\OneDrive\Documents\SingaporePoly\FYP\CodeQL-home\javascript\tools\data\externs\web\whatwg_encoding.js
[2021-05-28 19:15:35] [build] Done extracting C:\Users\davet\OneDrive\Documents\SingaporePoly\FYP\CodeQL-home\javascript\tools\data\externs\web\whatwg_encoding.js (11 ms)
[2021-05-28 19:15:35] [build] Extracting C:\Users\davet\OneDrive\Documents\SingaporePoly\FYP\CodeQL-home\javascript\tools\data\externs\web\window.js
[2021-05-28 19:15:35] [build] Done extracting C:\Users\davet\OneDrive\Documents\SingaporePoly\FYP\CodeQL-home\javascript\tools\data\externs\web\window.js (20 ms)
[2021-05-28 19:15:35] Plumbing command codeql database trace-command completed.
[2021-05-28 19:15:35] [PROGRESS] database create> Finalizing database at C:\Users\davet\OneDrive\Documents\SingaporePoly\FYP\FYPT5-test\FYPT5-test\kodo-webserver\kodo-backEnd\databases\44c873e5-1436-4bfb-8a17-e0222e5988e9_db.
[2021-05-28 19:15:35] Running plumbing command: codeql database finalize --mode=normal -- C:\Users\davet\OneDrive\Documents\SingaporePoly\FYP\FYPT5-test\FYPT5-test\kodo-webserver\kodo-backEnd\databases\44c873e5-1436-4bfb-8a17-e0222e5988e9_db
[2021-05-28 19:15:35] [PROGRESS] database finalize> Running TRAP import for CodeQL database at C:\Users\davet\OneDrive\Documents\SingaporePoly\FYP\FYPT5-test\FYPT5-test\kodo-webserver\kodo-backEnd\databases\44c873e5-1436-4bfb-8a17-e0222e5988e9_db...
[2021-05-28 19:15:35] Running plumbing command: codeql dataset import --dbscheme=C:\Users\davet\OneDrive\Documents\SingaporePoly\FYP\CodeQL-home\javascript\semmlecode.javascript.dbscheme -- C:\Users\davet\OneDrive\Documents\SingaporePoly\FYP\FYPT5-test\FYPT5-test\kodo-webserver\kodo-backEnd\databases\44c873e5-1436-4bfb-8a17-e0222e5988e9_db\db-javascript C:\Users\davet\OneDrive\Documents\SingaporePoly\FYP\FYPT5-test\FYPT5-test\kodo-webserver\kodo-backEnd\databases\44c873e5-1436-4bfb-8a17-e0222e5988e9_db\trap\javascript
[2021-05-28 19:15:35] Clearing disk cache since the version file C:\Users\davet\OneDrive\Documents\SingaporePoly\FYP\FYPT5-test\FYPT5-test\kodo-webserver\kodo-backEnd\databases\44c873e5-1436-4bfb-8a17-e0222e5988e9_db\db-javascript\default\cache\version does not exist
[2021-05-28 19:15:35] Tuple pool not found. Clearing relations with cached strings
[2021-05-28 19:15:35] Trimming disk cache at C:\Users\davet\OneDrive\Documents\SingaporePoly\FYP\FYPT5-test\FYPT5-test\kodo-webserver\kodo-backEnd\databases\44c873e5-1436-4bfb-8a17-e0222e5988e9_db\db-javascript\default\cache in mode brutal.
[2021-05-28 19:15:35] Sequence stamp origin is -6586587744757172343
[2021-05-28 19:15:35] Stopped the world to hard-clear memory at sequence stamp o+0
[2021-05-28 19:15:35] Starting the world again
[2021-05-28 19:15:35] Stopped the world to quickly trim disk at sequence stamp o+1
[2021-05-28 19:15:35] Starting the world again
[2021-05-28 19:15:35] Stopped the world to zealously trim disk at sequence stamp o+2
[2021-05-28 19:15:35] Starting the world again
[2021-05-28 19:15:35] Trimming completed (24ms): Purged everything.
[2021-05-28 19:15:37] Scanning for files in C:\Users\davet\OneDrive\Documents\SingaporePoly\FYP\FYPT5-test\FYPT5-test\kodo-webserver\kodo-backEnd\databases\44c873e5-1436-4bfb-8a17-e0222e5988e9_db\trap\javascript
[2021-05-28 19:15:38] Importing es2016.js.trap.gz (1 of 125)
[2021-05-28 19:15:38] Importing es2017.js.trap.gz (2 of 125)
[2021-05-28 19:15:38] Importing es3.js.trap.gz (3 of 125)
[2021-05-28 19:15:38] Importing es5.js.trap.gz (4 of 125)
[2021-05-28 19:15:38] Importing es6.js.trap.gz (5 of 125)
[2021-05-28 19:15:39] Importing es6_collections.js.trap.gz (6 of 125)
[2021-05-28 19:15:39] Importing intl.js.trap.gz (7 of 125)
[2021-05-28 19:15:39] Importing proxy.js.trap.gz (8 of 125)
[2021-05-28 19:15:39] Importing bdd.js.trap.gz (9 of 125)
[2021-05-28 19:15:39] Importing jquery-3.2.js.trap.gz (10 of 125)
[2021-05-28 19:15:39] Importing should.js.trap.gz (11 of 125)
[2021-05-28 19:15:39] Importing vows.js.trap.gz (12 of 125)
[2021-05-28 19:15:39] Importing assert.js.trap.gz (13 of 125)
[2021-05-28 19:15:39] Importing assert_legacy.js.trap.gz (14 of 125)
[2021-05-28 19:15:39] Importing buffer.js.trap.gz (15 of 125)
[2021-05-28 19:15:39] Importing child_process.js.trap.gz (16 of 125)
[2021-05-28 19:15:39] Importing cluster.js.trap.gz (17 of 125)
[2021-05-28 19:15:39] Importing console.js.trap.gz (18 of 125)
[2021-05-28 19:15:39] Importing constants.js.trap.gz (19 of 125)
[2021-05-28 19:15:40] Importing crypto.js.trap.gz (20 of 125)
[2021-05-28 19:15:40] Importing dgram.js.trap.gz (21 of 125)
[2021-05-28 19:15:40] Importing dns.js.trap.gz (22 of 125)
[2021-05-28 19:15:40] Importing domain.js.trap.gz (23 of 125)
[2021-05-28 19:15:40] Importing events.js.trap.gz (24 of 125)
[2021-05-28 19:15:40] Importing fs.js.trap.gz (25 of 125)
[2021-05-28 19:15:40] Importing globals.js.trap.gz (26 of 125)
[2021-05-28 19:15:40] Importing http.js.trap.gz (27 of 125)
[2021-05-28 19:15:40] Importing https.js.trap.gz (28 of 125)
[2021-05-28 19:15:40] Importing module.js.trap.gz (29 of 125)
[2021-05-28 19:15:40] Importing net.js.trap.gz (30 of 125)
[2021-05-28 19:15:40] Importing os.js.trap.gz (31 of 125)
[2021-05-28 19:15:40] Importing path.js.trap.gz (32 of 125)
[2021-05-28 19:15:40] Importing process.js.trap.gz (33 of 125)
[2021-05-28 19:15:40] Importing punycode.js.trap.gz (34 of 125)
[2021-05-28 19:15:40] Importing querystring.js.trap.gz (35 of 125)
[2021-05-28 19:15:40] Importing readline.js.trap.gz (36 of 125)
[2021-05-28 19:15:40] Importing repl.js.trap.gz (37 of 125)
[2021-05-28 19:15:40] Importing stream.js.trap.gz (38 of 125)
[2021-05-28 19:15:40] Importing string_decoder.js.trap.gz (39 of 125)
[2021-05-28 19:15:41] Importing sys.js.trap.gz (40 of 125)
[2021-05-28 19:15:41] Importing timers.js.trap.gz (41 of 125)
[2021-05-28 19:15:41] Importing tls.js.trap.gz (42 of 125)
[2021-05-28 19:15:41] Importing tty.js.trap.gz (43 of 125)
[2021-05-28 19:15:41] Importing url.js.trap.gz (44 of 125)
[2021-05-28 19:15:41] Importing util.js.trap.gz (45 of 125)
[2021-05-28 19:15:41] Importing v8.js.trap.gz (46 of 125)
[2021-05-28 19:15:41] Importing vm.js.trap.gz (47 of 125)
[2021-05-28 19:15:41] Importing zlib.js.trap.gz (48 of 125)
[2021-05-28 19:15:41] Importing jsshell.js.trap.gz (49 of 125)
[2021-05-28 19:15:41] Importing rhino.js.trap.gz (50 of 125)
[2021-05-28 19:15:41] Importing spidermonkey.js.trap.gz (51 of 125)
[2021-05-28 19:15:41] Importing v8.js.trap.gz (52 of 125)
[2021-05-28 19:15:41] Importing chrome.js.trap.gz (53 of 125)
[2021-05-28 19:15:41] Importing fetchapi.js.trap.gz (54 of 125)
[2021-05-28 19:15:41] Importing fileapi.js.trap.gz (55 of 125)
[2021-05-28 19:15:41] Importing flash.js.trap.gz (56 of 125)
[2021-05-28 19:15:41] Importing gecko_css.js.trap.gz (57 of 125)
[2021-05-28 19:15:41] Importing gecko_dom.js.trap.gz (58 of 125)
[2021-05-28 19:15:41] Importing gecko_event.js.trap.gz (59 of 125)
[2021-05-28 19:15:41] Importing gecko_ext.js.trap.gz (60 of 125)
[2021-05-28 19:15:41] Importing gecko_xml.js.trap.gz (61 of 125)
[2021-05-28 19:15:41] Importing html5.js.trap.gz (62 of 125)
[2021-05-28 19:15:41] Importing ie_css.js.trap.gz (63 of 125)
[2021-05-28 19:15:41] Importing ie_dom.js.trap.gz (64 of 125)
[2021-05-28 19:15:41] Importing ie_event.js.trap.gz (65 of 125)
[2021-05-28 19:15:41] Importing ie_vml.js.trap.gz (66 of 125)
[2021-05-28 19:15:41] Importing intl.js.trap.gz (67 of 125)
[2021-05-28 19:15:41] Importing iphone.js.trap.gz (68 of 125)
[2021-05-28 19:15:41] Importing mediasource.js.trap.gz (69 of 125)
[2021-05-28 19:15:41] Importing page_visibility.js.trap.gz (70 of 125)
[2021-05-28 19:15:41] Importing streamsapi.js.trap.gz (71 of 125)
[2021-05-28 19:15:42] Importing url.js.trap.gz (72 of 125)
[2021-05-28 19:15:42] Importing w3c_anim_timing.js.trap.gz (73 of 125)
[2021-05-28 19:15:42] Importing w3c_batterystatus.js.trap.gz (74 of 125)
[2021-05-28 19:15:42] Importing w3c_css.js.trap.gz (75 of 125)
[2021-05-28 19:15:42] Importing w3c_css3d.js.trap.gz (76 of 125)
[2021-05-28 19:15:42] Importing w3c_device_sensor_event.js.trap.gz (77 of 125)
[2021-05-28 19:15:42] Importing w3c_dom1.js.trap.gz (78 of 125)
[2021-05-28 19:15:42] Importing w3c_dom2.js.trap.gz (79 of 125)
[2021-05-28 19:15:42] Importing w3c_dom3.js.trap.gz (80 of 125)
[2021-05-28 19:15:42] Importing w3c_dom4.js.trap.gz (81 of 125)
[2021-05-28 19:15:42] Importing w3c_elementtraversal.js.trap.gz (82 of 125)
[2021-05-28 19:15:42] Importing w3c_encoding.js.trap.gz (83 of 125)
[2021-05-28 19:15:42] Importing w3c_event.js.trap.gz (84 of 125)
[2021-05-28 19:15:42] Importing w3c_event3.js.trap.gz (85 of 125)
[2021-05-28 19:15:42] Importing w3c_gamepad.js.trap.gz (86 of 125)
[2021-05-28 19:15:42] Importing w3c_geolocation.js.trap.gz (87 of 125)
[2021-05-28 19:15:42] Importing w3c_indexeddb.js.trap.gz (88 of 125)
[2021-05-28 19:15:42] Importing w3c_midi.js.trap.gz (89 of 125)
[2021-05-28 19:15:42] Importing w3c_navigation_timing.js.trap.gz (90 of 125)
[2021-05-28 19:15:42] Importing w3c_permissions.js.trap.gz (91 of 125)
[2021-05-28 19:15:42] Importing w3c_pointer_events.js.trap.gz (92 of 125)
[2021-05-28 19:15:42] Importing w3c_range.js.trap.gz (93 of 125)
[2021-05-28 19:15:42] Importing w3c_requestidlecallback.js.trap.gz (94 of 125)
[2021-05-28 19:15:42] Importing w3c_rtc.js.trap.gz (95 of 125)
[2021-05-28 19:15:42] Importing w3c_screen_orientation.js.trap.gz (96 of 125)
[2021-05-28 19:15:42] Importing w3c_selectors.js.trap.gz (97 of 125)
[2021-05-28 19:15:42] Importing w3c_serviceworker.js.trap.gz (98 of 125)
[2021-05-28 19:15:42] Importing w3c_touch_event.js.trap.gz (99 of 125)
[2021-05-28 19:15:42] Importing w3c_webcrypto.js.trap.gz (100 of 125)
[2021-05-28 19:15:42] Importing w3c_xml.js.trap.gz (101 of 125)
[2021-05-28 19:15:42] Importing webgl.js.trap.gz (102 of 125)
[2021-05-28 19:15:42] Importing webkit_css.js.trap.gz (103 of 125)
[2021-05-28 19:15:43] Importing webkit_dom.js.trap.gz (104 of 125)
[2021-05-28 19:15:43] Importing webkit_event.js.trap.gz (105 of 125)
[2021-05-28 19:15:43] Importing webkit_notifications.js.trap.gz (106 of 125)
[2021-05-28 19:15:43] Importing webkit_usercontent.js.trap.gz (107 of 125)
[2021-05-28 19:15:43] Importing webstorage.js.trap.gz (108 of 125)
[2021-05-28 19:15:43] Importing whatwg_encoding.js.trap.gz (109 of 125)
[2021-05-28 19:15:43] Importing window.js.trap.gz (110 of 125)
[2021-05-28 19:15:43] Importing db.js.trap.gz (111 of 125)
[2021-05-28 19:15:43] Importing server.js.trap.gz (112 of 125)
[2021-05-28 19:15:43] Importing vulns.js.trap.gz (113 of 125)
[2021-05-28 19:15:43] Importing appHandler.js.trap.gz (114 of 125)
[2021-05-28 19:15:43] Importing authHandler.js.trap.gz (115 of 125)
[2021-05-28 19:15:43] Importing passport.js.trap.gz (116 of 125)
[2021-05-28 19:15:43] Importing docker-compose.yml.trap.gz (117 of 125)
[2021-05-28 19:15:43] Importing index.js.trap.gz (118 of 125)
[2021-05-28 19:15:43] Importing product.js.trap.gz (119 of 125)
[2021-05-28 19:15:43] Importing user.js.trap.gz (120 of 125)
[2021-05-28 19:15:43] Importing package.json.trap.gz (121 of 125)
[2021-05-28 19:15:43] Importing app.js.trap.gz (122 of 125)
[2021-05-28 19:15:43] Importing main.js.trap.gz (123 of 125)
[2021-05-28 19:15:43] Importing server.js.trap.gz (124 of 125)
[2021-05-28 19:15:43] Importing sourceLocationPrefix.trap.gz (125 of 125)
[2021-05-28 19:15:43] Merging 1 fragment for files.
[2021-05-28 19:15:43] Merging 1 fragment for folders.
[2021-05-28 19:15:43] Merging 1 fragment for containerparent.
[2021-05-28 19:15:43] Merging 2 fragments for locations_default.
[2021-05-28 19:15:43] Merging 3 fragments for hasLocation.
[2021-05-28 19:15:43] Merging 1 fragment for extraction_data.
[2021-05-28 19:15:44] Merging 1 fragment for scopes.
[2021-05-28 19:15:44] Merging 1 fragment for comments.
[2021-05-28 19:15:44] Merging 1 fragment for indentation.
[2021-05-28 19:15:44] Merging 1 fragment for numlines.
[2021-05-28 19:15:44] Merging 1 fragment for tokeninfo.
[2021-05-28 19:15:44] Merging 1 fragment for next_token.
[2021-05-28 19:15:44] Merging 1 fragment for jsdoc.
[2021-05-28 19:15:44] Merging 1 fragment for jsdoc_tags.
[2021-05-28 19:15:44] Merging 1 fragment for jsdoc_tag_descriptions.
[2021-05-28 19:15:44] Merging 1 fragment for jsdoc_tag_names.
[2021-05-28 19:15:44] Merging 1 fragment for jsdoc_type_exprs.
[2021-05-28 19:15:44] Merging 1 fragment for toplevels.
[2021-05-28 19:15:44] Merging 1 fragment for stmts.
[2021-05-28 19:15:44] Merging 1 fragment for stmt_containers.
[2021-05-28 19:15:44] Merging 1 fragment for exprs.
[2021-05-28 19:15:44] Merging 1 fragment for enclosing_stmt.
[2021-05-28 19:15:44] Merging 1 fragment for expr_containers.
[2021-05-28 19:15:44] Merging 1 fragment for literals.
[2021-05-28 19:15:44] Merging 1 fragment for variables.
[2021-05-28 19:15:44] Merging 1 fragment for bind.
[2021-05-28 19:15:44] Merging 1 fragment for scopenodes.
[2021-05-28 19:15:44] Merging 1 fragment for scopenesting.
[2021-05-28 19:15:44] Merging 1 fragment for decl.
[2021-05-28 19:15:44] Merging 1 fragment for is_arguments_object.
[2021-05-28 19:15:44] Merging 1 fragment for entry_cfg_node.
[2021-05-28 19:15:44] Merging 1 fragment for exit_cfg_node.
[2021-05-28 19:15:44] Merging 1 fragment for successor.
[2021-05-28 19:15:44] Merging 1 fragment for is_externs.
[2021-05-28 19:15:44] Merging 1 fragment for filetype.
[2021-05-28 19:15:44] Merging 1 fragment for extraction_time.
[2021-05-28 19:15:44] Merging 1 fragment for jsdoc_prefix_qualifier.
[2021-05-28 19:15:44] Merging 1 fragment for jsdoc_errors.
[2021-05-28 19:15:44] Merging 1 fragment for jsdoc_record_field_name.
[2021-05-28 19:15:44] Merging 1 fragment for jsdoc_has_new_parameter.
[2021-05-28 19:15:44] Merging 1 fragment for properties.
[2021-05-28 19:15:44] Merging 1 fragment for regexpterm.
[2021-05-28 19:15:44] Merging 1 fragment for regexp_const_value.
[2021-05-28 19:15:44] Merging 1 fragment for guard_node.
[2021-05-28 19:15:44] Merging 1 fragment for is_module.
[2021-05-28 19:15:44] Merging 1 fragment for is_nodejs.
[2021-05-28 19:15:44] Merging 1 fragment for is_computed.
[2021-05-28 19:15:44] Merging 1 fragment for is_greedy.
[2021-05-28 19:15:44] Merging 1 fragment for is_capture.
[2021-05-28 19:15:44] Merging 1 fragment for yaml_scalars.
[2021-05-28 19:15:44] Merging 1 fragment for yaml.
[2021-05-28 19:15:44] Merging 1 fragment for yaml_locations.
[2021-05-28 19:15:44] Merging 1 fragment for json.
[2021-05-28 19:15:44] Merging 1 fragment for json_locations.
[2021-05-28 19:15:44] Merging 1 fragment for json_literals.
[2021-05-28 19:15:44] Merging 1 fragment for json_properties.
[2021-05-28 19:15:44] Merging 1 fragment for sourceLocationPrefix.
[2021-05-28 19:15:44] Saving string and id pools to disk.
[2021-05-28 19:15:44] Finished importing trap files.
[2021-05-28 19:15:44] Stopped the world to close the cache at sequence stamp o+3
[2021-05-28 19:15:44] The disk cache is freshly trimmed; leave it be.
[2021-05-28 19:15:44] Starting the world again
[2021-05-28 19:15:44] Plumbing command codeql dataset import completed.
[2021-05-28 19:15:44] [PROGRESS] database finalize> TRAP import complete (9.3s).
[2021-05-28 19:15:44] Running plumbing command: codeql database cleanup --mode=normal -- C:\Users\davet\OneDrive\Documents\SingaporePoly\FYP\FYPT5-test\FYPT5-test\kodo-webserver\kodo-backEnd\databases\44c873e5-1436-4bfb-8a17-e0222e5988e9_db
[2021-05-28 19:15:45] [PROGRESS] database cleanup> Cleaning up existing TRAP files after import...
[2021-05-28 19:15:45] [PROGRESS] database cleanup> TRAP files cleaned up (115ms).
[2021-05-28 19:15:45] [PROGRESS] database cleanup> Cleaning up scratch directory...
[2021-05-28 19:15:45] [PROGRESS] database cleanup> Scratch directory cleaned up (1ms).
[2021-05-28 19:15:45] Running plumbing command: codeql dataset cleanup --mode=normal -- C:\Users\davet\OneDrive\Documents\SingaporePoly\FYP\FYPT5-test\FYPT5-test\kodo-webserver\kodo-backEnd\databases\44c873e5-1436-4bfb-8a17-e0222e5988e9_db\db-javascript
[2021-05-28 19:15:45] [PROGRESS] dataset cleanup> Cleaning up dataset in C:\Users\davet\OneDrive\Documents\SingaporePoly\FYP\FYPT5-test\FYPT5-test\kodo-webserver\kodo-backEnd\databases\44c873e5-1436-4bfb-8a17-e0222e5988e9_db\db-javascript.
[2021-05-28 19:15:45] Trimming disk cache at C:\Users\davet\OneDrive\Documents\SingaporePoly\FYP\FYPT5-test\FYPT5-test\kodo-webserver\kodo-backEnd\databases\44c873e5-1436-4bfb-8a17-e0222e5988e9_db\db-javascript\default\cache in mode normal.
[2021-05-28 19:15:45] Sequence stamp origin is -6586587703812052103
[2021-05-28 19:15:45] Stopped the world to zealously trim disk at sequence stamp o+0
[2021-05-28 19:15:45] Starting the world again
[2021-05-28 19:15:45] Trimming completed (5ms): Trimmed disposable data from cache.
[2021-05-28 19:15:45] Stopped the world to close the cache at sequence stamp o+1
[2021-05-28 19:15:45] The disk cache is freshly trimmed; leave it be.
[2021-05-28 19:15:45] Starting the world again
[2021-05-28 19:15:45] [PROGRESS] dataset cleanup> Trimmed disposable data from cache.
[2021-05-28 19:15:45] Plumbing command codeql dataset cleanup completed.
[2021-05-28 19:15:45] Plumbing command codeql database cleanup completed with status 0.
[2021-05-28 19:15:45] Plumbing command codeql database finalize completed with status 0.
[2021-05-28 19:15:45] [PROGRESS] database create> Successfully created database at C:\Users\davet\OneDrive\Documents\SingaporePoly\FYP\FYPT5-test\FYPT5-test\kodo-webserver\kodo-backEnd\databases\44c873e5-1436-4bfb-8a17-e0222e5988e9_db.
[2021-05-28 19:15:45] Terminating normally.
