[2021-07-07 15:13:41] This is codeql database analyze --format=csv --output=./backend/scanResults/80e79e89-e316-4ccf-b5e6-edccb0fbd12a_scanResults/XML_Entity_Expansion-separator-CWE-776.csv --threads=4 --ram=8000 --no-rerun ./backend/databases/80e79e89-e316-4ccf-b5e6-edccb0fbd12a_db ../CodeQL-home/vscode-codeql-starter/ql/javascript/ql/src/Security/CWE-776
[2021-07-07 15:13:41] Log file was started late.
[2021-07-07 15:13:41] [PROGRESS] database analyze> Running queries.
[2021-07-07 15:13:41] Running plumbing command: codeql database run-queries --threads=4 --ml-model-path= --native-library-path= --ram=8000 --warnings=show --no-rerun -- C:\Users\davet\OneDrive\Documents\SingaporePoly\FYP\FYPT5-master\kodo-webserver\backend\databases\80e79e89-e316-4ccf-b5e6-edccb0fbd12a_db ../CodeQL-home/vscode-codeql-starter/ql/javascript/ql/src/Security/CWE-776
[2021-07-07 15:13:41] Calling plumbing command: codeql resolve ram --ram=8000 --format=json
[2021-07-07 15:13:41] Plumbing command codeql resolve ram completed:
                      [
                        "-J-Xmx4000M",
                        "--off-heap-ram=4000"
                      ]
[2021-07-07 15:13:41] Spawning plumbing command: execute queries -J-Xmx4000M --off-heap-ram=4000 --verbosity=progress --logdir=C:\Users\davet\OneDrive\Documents\SingaporePoly\FYP\FYPT5-master\kodo-webserver\backend\databases\80e79e89-e316-4ccf-b5e6-edccb0fbd12a_db\log --threads=4 --ml-model-path=C:\Users\davet\OneDrive\Documents\SingaporePoly\FYP\FYPT5-master\kodo-webserver --native-library-path=C:\Users\davet\OneDrive\Documents\SingaporePoly\FYP\FYPT5-master\kodo-webserver --warnings=show --no-rerun --output=C:\Users\davet\OneDrive\Documents\SingaporePoly\FYP\FYPT5-master\kodo-webserver\backend\databases\80e79e89-e316-4ccf-b5e6-edccb0fbd12a_db\results -- C:\Users\davet\OneDrive\Documents\SingaporePoly\FYP\FYPT5-master\kodo-webserver\backend\databases\80e79e89-e316-4ccf-b5e6-edccb0fbd12a_db\db-javascript ../CodeQL-home/vscode-codeql-starter/ql/javascript/ql/src/Security/CWE-776
[2021-07-07 15:14:03] Plumbing command codeql execute queries terminated with status 0.
[2021-07-07 15:14:03] Plumbing command codeql database run-queries completed with status 0.
[2021-07-07 15:14:03] [PROGRESS] database analyze> Interpreting results.
[2021-07-07 15:14:03] Running plumbing command: codeql database interpret-results --format=csv -o=C:\Users\davet\OneDrive\Documents\SingaporePoly\FYP\FYPT5-master\kodo-webserver\backend\scanResults\80e79e89-e316-4ccf-b5e6-edccb0fbd12a_scanResults\XML_Entity_Expansion-separator-CWE-776.csv --max-paths=4 --csv-location-format=line-column --threads=4 -- C:\Users\davet\OneDrive\Documents\SingaporePoly\FYP\FYPT5-master\kodo-webserver\backend\databases\80e79e89-e316-4ccf-b5e6-edccb0fbd12a_db ../CodeQL-home/vscode-codeql-starter/ql/javascript/ql/src/Security/CWE-776
[2021-07-07 15:14:03] Calling plumbing command: codeql resolve queries --format=json -- ../CodeQL-home/vscode-codeql-starter/ql/javascript/ql/src/Security/CWE-776
[2021-07-07 15:14:03] [SPAMMY] resolve queries> Scanning for QL files at C:\Users\davet\OneDrive\Documents\SingaporePoly\FYP\FYPT5-master\CodeQL-home\vscode-codeql-starter\ql\javascript\ql\src\Security\CWE-776.
[2021-07-07 15:14:03] [SPAMMY] resolve queries> Found 1 QL files in C:\Users\davet\OneDrive\Documents\SingaporePoly\FYP\FYPT5-master\CodeQL-home\vscode-codeql-starter\ql\javascript\ql\src\Security\CWE-776.
[2021-07-07 15:14:03] Plumbing command codeql resolve queries completed:
                      [
                        "C:\\Users\\davet\\OneDrive\\Documents\\SingaporePoly\\FYP\\FYPT5-master\\CodeQL-home\\vscode-codeql-starter\\ql\\javascript\\ql\\src\\Security\\CWE-776\\XmlBomb.ql"
                      ]
[2021-07-07 15:14:04] [DETAILS] database interpret-results> Scanning for qlpack.yml from C:\Users\davet\OneDrive\Documents\SingaporePoly\FYP\CodeQL-home\.codeqlmanifest.json
[2021-07-07 15:14:04] [DETAILS] database interpret-results> Scanning for qlpack.yml from C:\Users\davet\OneDrive\Documents\SingaporePoly\FYP\
[2021-07-07 15:14:04] [DETAILS] database interpret-results> Not scanning from C:\Users\davet\OneDrive\Documents\SingaporePoly\FYP\CodeQL-home which is already done.
[2021-07-07 15:14:04] Calling plumbing command: codeql resolve library-path --query=C:\Users\davet\OneDrive\Documents\SingaporePoly\FYP\FYPT5-master\CodeQL-home\vscode-codeql-starter\ql\javascript\ql\src\Security\CWE-776\XmlBomb.ql --full-library-path=none --dbscheme=none --format=json
[2021-07-07 15:14:04] [DETAILS] resolve library-path> Resolving query at normalized path C:\Users\davet\OneDrive\Documents\SingaporePoly\FYP\FYPT5-master\CodeQL-home\vscode-codeql-starter\ql\javascript\ql\src\Security\CWE-776\XmlBomb.ql.
[2021-07-07 15:14:04] [DETAILS] resolve library-path> Found enclosing pack 'codeql-javascript' at C:\Users\davet\OneDrive\Documents\SingaporePoly\FYP\FYPT5-master\CodeQL-home\vscode-codeql-starter\ql\javascript\ql\src.
[2021-07-07 15:14:04] [DETAILS] resolve library-path> Adding compilation cache at C:\Users\davet\OneDrive\Documents\SingaporePoly\FYP\FYPT5-master\CodeQL-home\vscode-codeql-starter\ql\javascript\ql\src\.cache.
[2021-07-07 15:14:04] [DETAILS] resolve library-path> Dbscheme was explicitly overridden as C:\Users\davet\OneDrive\Documents\SingaporePoly\FYP\FYPT5-master\kodo-webserver\none
[2021-07-07 15:14:04] [DETAILS] resolve library-path> Library path was overridden on command line.
[2021-07-07 15:14:04] Plumbing command codeql resolve library-path completed:
                      {
                        "qlPack" : {
                          "library" : false,
                          "name" : "github/codeql-javascript",
                          "version" : {
                            "major" : 0,
                            "minor" : 0,
                            "patch" : 0,
                            "prerelease" : false
                          },
                          "dbscheme" : "semmlecode.javascript.dbscheme",
                          "suites" : "codeql-suites",
                          "extractor" : "javascript"
                        },
                        "libraryPath" : [
                          "C:\\Users\\davet\\OneDrive\\Documents\\SingaporePoly\\FYP\\FYPT5-master\\kodo-webserver\\none"
                        ],
                        "dbscheme" : "C:\\Users\\davet\\OneDrive\\Documents\\SingaporePoly\\FYP\\FYPT5-master\\kodo-webserver\\none",
                        "compilationCache" : [
                          "C:\\Users\\davet\\OneDrive\\Documents\\SingaporePoly\\FYP\\FYPT5-master\\CodeQL-home\\vscode-codeql-starter\\ql\\javascript\\ql\\src\\.cache"
                        ],
                        "qlPackName" : "codeql-javascript",
                        "relativeName" : "codeql-javascript\\Security\\CWE-776\\XmlBomb.ql"
                      }
[2021-07-07 15:14:04] Plumbing command codeql database interpret-results completed.
[2021-07-07 15:14:04] Terminating normally.
